#
# There is insufficient memory for the Java Runtime Environment to continue.
# Native memory allocation (malloc) failed to allocate 1292656 bytes for Chunk::new
# Possible reasons:
#   The system is out of physical RAM or swap space
#   The process is running with CompressedOops enabled, and the Java Heap may be blocking the growth of the native heap
# Possible solutions:
#   Reduce memory load on the system
#   Increase physical memory or swap space
#   Check if swap backing store is full
#   Decrease Java heap size (-Xmx/-Xms)
#   Decrease number of Java threads
#   Decrease Java thread stack sizes (-Xss)
#   Set larger code cache with -XX:ReservedCodeCacheSize=
#   JVM is running with Unscaled Compressed Oops mode in which the Java heap is
#     placed in the first 4GB address space. The Java Heap base address is the
#     maximum limit for the native heap growth. Please use -XX:HeapBaseMinAddress
#     to set the Java Heap base and to place the Java Heap above 4GB virtual address.
# This output file may be truncated or incomplete.
#
#  Out of Memory Error (allocation.cpp:389), pid=17236, tid=0x000000000000c368
#
# JRE version: OpenJDK Runtime Environment (Zulu 8.52.0.23-CA-win64) (8.0_282-b08) (build 1.8.0_282-b08)
# Java VM: OpenJDK 64-Bit Server VM (25.282-b08 mixed mode windows-amd64 compressed oops)
# Failed to write core dump. Minidumps are not enabled by default on client versions of Windows
#

---------------  T H R E A D  ---------------

Current thread (0x000000001a8b2800):  JavaThread "C2 CompilerThread2" daemon [_thread_in_native, id=50024, stack(0x000000001b470000,0x000000001b570000)]

Stack: [0x000000001b470000,0x000000001b570000]
[error occurred during error reporting (printing stack bounds), id 0xc0000005]

Native frames: (J=compiled Java code, j=interpreted, Vv=VM code, C=native code)


Current CompileTask:
C2:  25669 3130       4       groovy.lang.MetaClassImpl$1MOPIter::methodNameAction (479 bytes)


---------------  P R O C E S S  ---------------

Java Threads: ( => current thread )
  0x000000001e820000 JavaThread "Okio Watchdog" daemon [_thread_blocked, id=42132, stack(0x0000000022e20000,0x0000000022f20000)]
  0x000000001e821800 JavaThread "OkHttp ConnectionPool" daemon [_thread_blocked, id=50724, stack(0x0000000022d20000,0x0000000022e20000)]
  0x000000001e821000 JavaThread "ForkJoinPool.commonPool-worker-7" daemon [_thread_blocked, id=18764, stack(0x0000000022a20000,0x0000000022b20000)]
  0x000000001e81f800 JavaThread "ForkJoinPool.commonPool-worker-6" daemon [_thread_blocked, id=48840, stack(0x0000000022920000,0x0000000022a20000)]
  0x000000001e5a2800 JavaThread "ForkJoinPool.commonPool-worker-3" daemon [_thread_blocked, id=49540, stack(0x0000000022520000,0x0000000022620000)]
  0x000000001d804000 JavaThread "ForkJoinPool.commonPool-worker-1" daemon [_thread_blocked, id=49088, stack(0x0000000022320000,0x0000000022420000)]
  0x000000001ac91000 JavaThread "Exec Stream Pumper" daemon [_thread_in_native, id=2528, stack(0x0000000022220000,0x0000000022320000)]
  0x000000001ac90000 JavaThread "Exec Stream Pumper" daemon [_thread_in_native, id=5584, stack(0x0000000021e70000,0x0000000021f70000)]
  0x000000001bb3c800 JavaThread "Exec Default Executor" daemon [_thread_in_native, id=43048, stack(0x0000000021c70000,0x0000000021d70000)]
  0x000000001a54c000 JavaThread "Service Thread" daemon [_thread_blocked, id=51516, stack(0x000000001b670000,0x000000001b770000)]
  0x000000001a8b9000 JavaThread "C1 CompilerThread3" daemon [_thread_blocked, id=37720, stack(0x000000001b570000,0x000000001b670000)]
=>0x000000001a8b2800 JavaThread "C2 CompilerThread2" daemon [_thread_in_native, id=50024, stack(0x000000001b470000,0x000000001b570000)]
  0x000000001a8b0800 JavaThread "C2 CompilerThread1" daemon [_thread_blocked, id=39280, stack(0x000000001b370000,0x000000001b470000)]
  0x000000001a8af800 JavaThread "C2 CompilerThread0" daemon [_thread_blocked, id=50148, stack(0x000000001b270000,0x000000001b370000)]
  0x000000001a8a4800 JavaThread "Attach Listener" daemon [_thread_blocked, id=48956, stack(0x000000001b170000,0x000000001b270000)]
  0x000000001a8a3800 JavaThread "Signal Dispatcher" daemon [_thread_blocked, id=40300, stack(0x000000001b070000,0x000000001b170000)]
  0x00000000183ab000 JavaThread "Finalizer" daemon [_thread_blocked, id=6172, stack(0x000000001a660000,0x000000001a760000)]
  0x000000001a180800 JavaThread "Reference Handler" daemon [_thread_blocked, id=30132, stack(0x000000001a560000,0x000000001a660000)]
  0x000000000320e800 JavaThread "Forwarding get on session bbc281bf-0e69-445a-bd96-c43c3a7005a9 to remote" [_thread_in_native, id=51704, stack(0x0000000003100000,0x0000000003200000)]

Other Threads:
  0x000000001839b800 VMThread [stack: 0x000000001a060000,0x000000001a160000] [id=44036]
  0x000000001a8b3800 WatcherThread [stack: 0x000000001b770000,0x000000001b870000] [id=45404]

VM state:not at safepoint (normal execution)

VM Mutex/Monitor currently owned by a thread: None

heap address: 0x0000000080000000, size: 2048 MB, Compressed Oops mode: 32-bit
Narrow klass base: 0x0000000000000000, Narrow klass shift: 3
Compressed class space size: 1073741824 Address: 0x0000000100000000

Heap:
 PSYoungGen      total 129536K, used 104484K [0x00000000d5580000, 0x00000000ded00000, 0x0000000100000000)
  eden space 120832K, 79% used [0x00000000d5580000,0x00000000db398ee8,0x00000000dcb80000)
  from space 8704K, 93% used [0x00000000dd480000,0x00000000ddc702f0,0x00000000ddd00000)
  to   space 9216K, 0% used [0x00000000dcb80000,0x00000000dcb80000,0x00000000dd480000)
 ParOldGen       total 65024K, used 10029K [0x0000000080000000, 0x0000000083f80000, 0x00000000d5580000)
  object space 65024K, 15% used [0x0000000080000000,0x00000000809cb4a8,0x0000000083f80000)
 Metaspace       used 30604K, capacity 31604K, committed 31872K, reserved 1077248K
  class space    used 3628K, capacity 3895K, committed 3968K, reserved 1048576K

Card table byte_map: [0x00000000126c0000,0x0000000012ad0000] byte_map_base: 0x00000000122c0000

Marking Bits: (ParMarkBitMap*) 0x000000006b0e1f00
 Begin Bits: [0x0000000013580000, 0x0000000015580000)
 End Bits:   [0x0000000015580000, 0x0000000017580000)

Polling page: 0x0000000001230000

CodeCache: size=245760Kb used=12861Kb max_used=12924Kb free=232898Kb
 bounds [0x0000000003300000, 0x0000000003fb0000, 0x0000000012300000]
 total_blobs=3762 nmethods=3069 adapters=603
 compilation: enabled

Compilation events (10 events):
Event: 20.343 Thread 0x000000001a8b0800 nmethod 3133 0x000000000350e290 code [0x000000000350e3e0, 0x000000000350e9b8]
Event: 20.354 Thread 0x000000001a8af800 nmethod 3134 0x00000000034de190 code [0x00000000034de300, 0x00000000034de9d8]
Event: 20.354 Thread 0x000000001a8b9000 3136       3       java.util.Formatter$FixedString::<init> (15 bytes)
Event: 20.354 Thread 0x000000001a8b9000 nmethod 3136 0x0000000003510d10 code [0x0000000003510e60, 0x0000000003511030]
Event: 20.354 Thread 0x000000001a8b9000 3137       3       java.util.Formatter$FixedString::print (18 bytes)
Event: 20.355 Thread 0x000000001a8b9000 nmethod 3137 0x0000000003510850 code [0x00000000035109c0, 0x0000000003510c08]
Event: 20.355 Thread 0x000000001a8b9000 3138       3       com.google.common.collect.ImmutableMap$Builder::ensureCapacity (38 bytes)
Event: 20.355 Thread 0x000000001a8b9000 nmethod 3138 0x0000000003510110 code [0x00000000035102a0, 0x00000000035106d8]
Event: 20.356 Thread 0x000000001a8b9000 3139       3       java.util.stream.AbstractPipeline::<init> (91 bytes)
Event: 20.357 Thread 0x000000001a8b9000 nmethod 3139 0x00000000034dd790 code [0x00000000034dd940, 0x00000000034ddf38]

GC Heap History (10 events):
Event: 3.422 GC heap before
{Heap before GC invocations=7 (full 0):
 PSYoungGen      total 72192K, used 70431K [0x00000000d5580000, 0x00000000da480000, 0x0000000100000000)
  eden space 65024K, 97% used [0x00000000d5580000,0x00000000d9351850,0x00000000d9500000)
  from space 7168K, 99% used [0x00000000d9c80000,0x00000000da376700,0x00000000da380000)
  to   space 7680K, 0% used [0x00000000d9500000,0x00000000d9500000,0x00000000d9c80000)
 ParOldGen       total 86016K, used 1639K [0x0000000080000000, 0x0000000085400000, 0x00000000d5580000)
  object space 86016K, 1% used [0x0000000080000000,0x0000000080199e60,0x0000000085400000)
 Metaspace       used 20804K, capacity 21078K, committed 21296K, reserved 1069056K
  class space    used 2314K, capacity 2425K, committed 2432K, reserved 1048576K
Event: 3.434 GC heap after
Heap after GC invocations=7 (full 0):
 PSYoungGen      total 72704K, used 6338K [0x00000000d5580000, 0x00000000de480000, 0x0000000100000000)
  eden space 65024K, 0% used [0x00000000d5580000,0x00000000d5580000,0x00000000d9500000)
  from space 7680K, 82% used [0x00000000d9500000,0x00000000d9b30950,0x00000000d9c80000)
  to   space 8192K, 0% used [0x00000000ddc80000,0x00000000ddc80000,0x00000000de480000)
 ParOldGen       total 86016K, used 4860K [0x0000000080000000, 0x0000000085400000, 0x00000000d5580000)
  object space 86016K, 5% used [0x0000000080000000,0x00000000804bf1e8,0x0000000085400000)
 Metaspace       used 20804K, capacity 21078K, committed 21296K, reserved 1069056K
  class space    used 2314K, capacity 2425K, committed 2432K, reserved 1048576K
}
Event: 3.434 GC heap before
{Heap before GC invocations=8 (full 1):
 PSYoungGen      total 72704K, used 6338K [0x00000000d5580000, 0x00000000de480000, 0x0000000100000000)
  eden space 65024K, 0% used [0x00000000d5580000,0x00000000d5580000,0x00000000d9500000)
  from space 7680K, 82% used [0x00000000d9500000,0x00000000d9b30950,0x00000000d9c80000)
  to   space 8192K, 0% used [0x00000000ddc80000,0x00000000ddc80000,0x00000000de480000)
 ParOldGen       total 86016K, used 4860K [0x0000000080000000, 0x0000000085400000, 0x00000000d5580000)
  object space 86016K, 5% used [0x0000000080000000,0x00000000804bf1e8,0x0000000085400000)
 Metaspace       used 20804K, capacity 21078K, committed 21296K, reserved 1069056K
  class space    used 2314K, capacity 2425K, committed 2432K, reserved 1048576K
Event: 3.499 GC heap after
Heap after GC invocations=8 (full 1):
 PSYoungGen      total 72704K, used 0K [0x00000000d5580000, 0x00000000de480000, 0x0000000100000000)
  eden space 65024K, 0% used [0x00000000d5580000,0x00000000d5580000,0x00000000d9500000)
  from space 7680K, 0% used [0x00000000d9500000,0x00000000d9500000,0x00000000d9c80000)
  to   space 8192K, 0% used [0x00000000ddc80000,0x00000000ddc80000,0x00000000de480000)
 ParOldGen       total 65024K, used 10005K [0x0000000080000000, 0x0000000083f80000, 0x00000000d5580000)
  object space 65024K, 15% used [0x0000000080000000,0x00000000809c54a8,0x0000000083f80000)
 Metaspace       used 20804K, capacity 21078K, committed 21296K, reserved 1069056K
  class space    used 2314K, capacity 2425K, committed 2432K, reserved 1048576K
}
Event: 3.883 GC heap before
{Heap before GC invocations=9 (full 1):
 PSYoungGen      total 72704K, used 65024K [0x00000000d5580000, 0x00000000de480000, 0x0000000100000000)
  eden space 65024K, 100% used [0x00000000d5580000,0x00000000d9500000,0x00000000d9500000)
  from space 7680K, 0% used [0x00000000d9500000,0x00000000d9500000,0x00000000d9c80000)
  to   space 8192K, 0% used [0x00000000ddc80000,0x00000000ddc80000,0x00000000de480000)
 ParOldGen       total 65024K, used 10005K [0x0000000080000000, 0x0000000083f80000, 0x00000000d5580000)
  object space 65024K, 15% used [0x0000000080000000,0x00000000809c54a8,0x0000000083f80000)
 Metaspace       used 21857K, capacity 22178K, committed 22448K, reserved 1069056K
  class space    used 2412K, capacity 2536K, committed 2560K, reserved 1048576K
Event: 3.886 GC heap after
Heap after GC invocations=9 (full 1):
 PSYoungGen      total 92672K, used 2388K [0x00000000d5580000, 0x00000000ddf00000, 0x0000000100000000)
  eden space 90112K, 0% used [0x00000000d5580000,0x00000000d5580000,0x00000000dad80000)
  from space 2560K, 93% used [0x00000000ddc80000,0x00000000dded5120,0x00000000ddf00000)
  to   space 8192K, 0% used [0x00000000dcf00000,0x00000000dcf00000,0x00000000dd700000)
 ParOldGen       total 65024K, used 10013K [0x0000000080000000, 0x0000000083f80000, 0x00000000d5580000)
  object space 65024K, 15% used [0x0000000080000000,0x00000000809c74a8,0x0000000083f80000)
 Metaspace       used 21857K, capacity 22178K, committed 22448K, reserved 1069056K
  class space    used 2412K, capacity 2536K, committed 2560K, reserved 1048576K
}
Event: 4.360 GC heap before
{Heap before GC invocations=10 (full 1):
 PSYoungGen      total 92672K, used 92500K [0x00000000d5580000, 0x00000000ddf00000, 0x0000000100000000)
  eden space 90112K, 100% used [0x00000000d5580000,0x00000000dad80000,0x00000000dad80000)
  from space 2560K, 93% used [0x00000000ddc80000,0x00000000dded5120,0x00000000ddf00000)
  to   space 8192K, 0% used [0x00000000dcf00000,0x00000000dcf00000,0x00000000dd700000)
 ParOldGen       total 65024K, used 10013K [0x0000000080000000, 0x0000000083f80000, 0x00000000d5580000)
  object space 65024K, 15% used [0x0000000080000000,0x00000000809c74a8,0x0000000083f80000)
 Metaspace       used 22320K, capacity 22620K, committed 22960K, reserved 1069056K
  class space    used 2434K, capacity 2552K, committed 2560K, reserved 1048576K
Event: 4.365 GC heap after
Heap after GC invocations=10 (full 1):
 PSYoungGen      total 113664K, used 2711K [0x00000000d5580000, 0x00000000ddd00000, 0x0000000100000000)
  eden space 110592K, 0% used [0x00000000d5580000,0x00000000d5580000,0x00000000dc180000)
  from space 3072K, 88% used [0x00000000dcf00000,0x00000000dd1a5cf8,0x00000000dd200000)
  to   space 8704K, 0% used [0x00000000dd480000,0x00000000dd480000,0x00000000ddd00000)
 ParOldGen       total 65024K, used 10021K [0x0000000080000000, 0x0000000083f80000, 0x00000000d5580000)
  object space 65024K, 15% used [0x0000000080000000,0x00000000809c94a8,0x0000000083f80000)
 Metaspace       used 22320K, capacity 22620K, committed 22960K, reserved 1069056K
  class space    used 2434K, capacity 2552K, committed 2560K, reserved 1048576K
}
Event: 4.949 GC heap before
{Heap before GC invocations=11 (full 1):
 PSYoungGen      total 113664K, used 113303K [0x00000000d5580000, 0x00000000ddd00000, 0x0000000100000000)
  eden space 110592K, 100% used [0x00000000d5580000,0x00000000dc180000,0x00000000dc180000)
  from space 3072K, 88% used [0x00000000dcf00000,0x00000000dd1a5cf8,0x00000000dd200000)
  to   space 8704K, 0% used [0x00000000dd480000,0x00000000dd480000,0x00000000ddd00000)
 ParOldGen       total 65024K, used 10021K [0x0000000080000000, 0x0000000083f80000, 0x00000000d5580000)
  object space 65024K, 15% used [0x0000000080000000,0x00000000809c94a8,0x0000000083f80000)
 Metaspace       used 24143K, capacity 24602K, committed 24960K, reserved 1071104K
  class space    used 2713K, capacity 2849K, committed 2944K, reserved 1048576K
Event: 4.958 GC heap after
Heap after GC invocations=11 (full 1):
 PSYoungGen      total 129536K, used 8128K [0x00000000d5580000, 0x00000000ded00000, 0x0000000100000000)
  eden space 120832K, 0% used [0x00000000d5580000,0x00000000d5580000,0x00000000dcb80000)
  from space 8704K, 93% used [0x00000000dd480000,0x00000000ddc702f0,0x00000000ddd00000)
  to   space 9216K, 0% used [0x00000000dcb80000,0x00000000dcb80000,0x00000000dd480000)
 ParOldGen       total 65024K, used 10029K [0x0000000080000000, 0x0000000083f80000, 0x00000000d5580000)
  object space 65024K, 15% used [0x0000000080000000,0x00000000809cb4a8,0x0000000083f80000)
 Metaspace       used 24143K, capacity 24602K, committed 24960K, reserved 1071104K
  class space    used 2713K, capacity 2849K, committed 2944K, reserved 1048576K
}

Deoptimization events (10 events):
Event: 7.479 Thread 0x000000000320e800 Uncommon trap: reason=bimorphic action=maybe_recompile pc=0x0000000003e634bc method=java.util.regex.Matcher.search(I)Z @ 86
Event: 7.479 Thread 0x000000000320e800 Uncommon trap: reason=bimorphic action=maybe_recompile pc=0x0000000003e634bc method=java.util.regex.Matcher.search(I)Z @ 86
Event: 7.479 Thread 0x000000000320e800 Uncommon trap: reason=bimorphic action=maybe_recompile pc=0x0000000003e634bc method=java.util.regex.Matcher.search(I)Z @ 86
Event: 7.484 Thread 0x000000000320e800 Uncommon trap: reason=class_check action=maybe_recompile pc=0x0000000003d0f3a0 method=org.openqa.selenium.json.Input.init()V @ 18
Event: 7.568 Thread 0x000000000320e800 Uncommon trap: reason=unstable_if action=reinterpret pc=0x0000000003e47fd8 method=java.util.regex.Pattern$BmpCharProperty.match(Ljava/util/regex/Matcher;ILjava/lang/CharSequence;)Z @ 34
Event: 7.608 Thread 0x000000000320e800 Uncommon trap: reason=class_check action=maybe_recompile pc=0x0000000003e52c5c method=java.util.HashSet.contains(Ljava/lang/Object;)Z @ 5
Event: 7.608 Thread 0x000000000320e800 Uncommon trap: reason=class_check action=maybe_recompile pc=0x0000000003e52c5c method=java.util.HashSet.contains(Ljava/lang/Object;)Z @ 5
Event: 19.922 Thread 0x000000000320e800 Uncommon trap: reason=bimorphic action=maybe_recompile pc=0x0000000003824a78 method=java.util.HashMap.putVal(ILjava/lang/Object;Ljava/lang/Object;ZZ)Ljava/lang/Object; @ 203
Event: 19.923 Thread 0x000000000320e800 Uncommon trap: reason=bimorphic action=maybe_recompile pc=0x0000000003824a78 method=java.util.HashMap.putVal(ILjava/lang/Object;Ljava/lang/Object;ZZ)Ljava/lang/Object; @ 203
Event: 19.923 Thread 0x000000000320e800 Uncommon trap: reason=bimorphic action=maybe_recompile pc=0x0000000003824a78 method=java.util.HashMap.putVal(ILjava/lang/Object;Ljava/lang/Object;ZZ)Ljava/lang/Object; @ 203

Classes redefined (0 events):
No events

Internal exceptions (10 events):
Event: 7.354 Thread 0x000000000320e800 Exception <a 'java/lang/NoSuchMethodError': java.lang.Object.lambda$chars$0()Ljava/util/Spliterator$OfInt;> (0x00000000d8d338a0) thrown at [C:\jenkins\workspace\zulu8-silver-build-win64\zulu-src\hotspot\src\share\vm\interpreter\linkResolver.cpp, line 620]
Event: 19.841 Thread 0x000000000320e800 Exception <a 'java/lang/NoSuchMethodError': java.lang.Object.lambda$getResponseFunction$0(Lorg/openqa/selenium/remote/InitialHandshakeResponse;)Lorg/openqa/selenium/remote/ProtocolHandshake$Result;> (0x00000000da8f0a60) thrown at [C:\jenkins\workspace\zul
Event: 20.001 Thread 0x000000000320e800 Exception <a 'java/net/SocketTimeoutException': Read timed out> (0x00000000dacc7840) thrown at [C:\jenkins\workspace\zulu8-silver-build-win64\zulu-src\hotspot\src\share\vm\prims\jni.cpp, line 738]
Event: 20.017 Thread 0x000000000320e800 Exception <a 'java/net/SocketTimeoutException': Read timed out> (0x00000000dace2090) thrown at [C:\jenkins\workspace\zulu8-silver-build-win64\zulu-src\hotspot\src\share\vm\prims\jni.cpp, line 738]
Event: 20.033 Thread 0x000000000320e800 Exception <a 'java/net/SocketTimeoutException': Read timed out> (0x00000000dad1a5f8) thrown at [C:\jenkins\workspace\zulu8-silver-build-win64\zulu-src\hotspot\src\share\vm\prims\jni.cpp, line 738]
Event: 20.221 Thread 0x000000000320e800 Exception <a 'java/net/SocketTimeoutException': Read timed out> (0x00000000dad4ea80) thrown at [C:\jenkins\workspace\zulu8-silver-build-win64\zulu-src\hotspot\src\share\vm\prims\jni.cpp, line 738]
Event: 20.258 Thread 0x000000000320e800 Exception <a 'java/net/SocketTimeoutException': Read timed out> (0x00000000dad64fa0) thrown at [C:\jenkins\workspace\zulu8-silver-build-win64\zulu-src\hotspot\src\share\vm\prims\jni.cpp, line 738]
Event: 20.323 Thread 0x000000000320e800 Exception <a 'java/lang/ClassNotFoundException': com/kms/katalon/core/webui/keyword/builtin/NavigateToUrlKeywordBeanInfo> (0x00000000daff5048) thrown at [C:\jenkins\workspace\zulu8-silver-build-win64\zulu-src\hotspot\src\share\vm\classfile\systemDictionar
Event: 20.329 Thread 0x000000000320e800 Exception <a 'java/lang/ClassNotFoundException': com/kms/katalon/core/webui/keyword/builtin/NavigateToUrlKeywordCustomizer> (0x00000000db0dc400) thrown at [C:\jenkins\workspace\zulu8-silver-build-win64\zulu-src\hotspot\src\share\vm\classfile\systemDiction
Event: 20.368 Thread 0x000000000320e800 Exception <a 'java/net/SocketTimeoutException': Read timed out> (0x00000000db25b240) thrown at [C:\jenkins\workspace\zulu8-silver-build-win64\zulu-src\hotspot\src\share\vm\prims\jni.cpp, line 738]

Events (10 events):
Event: 20.326 loading class com/kms/katalon/core/webui/keyword/builtin/NavigateToUrlKeywordCustomizer
Event: 20.326 loading class com/kms/katalon/core/webui/keyword/builtin/NavigateToUrlKeywordCustomizer done
Event: 20.329 loading class com/kms/katalon/core/webui/keyword/builtin/NavigateToUrlKeywordCustomizer
Event: 20.329 loading class com/kms/katalon/core/webui/keyword/builtin/NavigateToUrlKeywordCustomizer done
Event: 20.341 loading class groovy/runtime/metaclass/com/kms/katalon/core/webui/keyword/builtin/NavigateToUrlKeyword$_navigateToUrl_closure1MetaClass
Event: 20.341 loading class groovy/runtime/metaclass/com/kms/katalon/core/webui/keyword/builtin/NavigateToUrlKeyword$_navigateToUrl_closure1MetaClass done
Event: 20.347 loading class java/nio/file/InvalidPathException
Event: 20.347 loading class java/nio/file/InvalidPathException done
Event: 20.348 loading class sun/net/www/protocol/https/Handler
Event: 20.349 loading class sun/net/www/protocol/https/Handler done


Dynamic libraries:
0x00007ff641cb0000 - 0x00007ff641ce5000 	E:\Katalon\Katalon_Studio_Windows_64-8.6.0\jre\bin\javaw.exe
0x00007ffacffe0000 - 0x00007ffad0249000 	C:\WINDOWS\SYSTEM32\ntdll.dll
0x00007fface700000 - 0x00007fface7c9000 	C:\WINDOWS\System32\KERNEL32.DLL
0x00007ffacd720000 - 0x00007ffacdb13000 	C:\WINDOWS\System32\KERNELBASE.dll
0x00007fface510000 - 0x00007fface5c4000 	C:\WINDOWS\System32\ADVAPI32.dll
0x00007fface650000 - 0x00007fface6f9000 	C:\WINDOWS\System32\msvcrt.dll
0x00007ffacf8b0000 - 0x00007ffacf956000 	C:\WINDOWS\System32\sechost.dll
0x00007ffaceb50000 - 0x00007ffacec68000 	C:\WINDOWS\System32\RPCRT4.dll
0x00007ffacf6b0000 - 0x00007ffacf874000 	C:\WINDOWS\System32\USER32.dll
0x00007ffacdbb0000 - 0x00007ffacdbd7000 	C:\WINDOWS\System32\win32u.dll
0x00007ffacf680000 - 0x00007ffacf6ab000 	C:\WINDOWS\System32\GDI32.dll
0x00007ffacdbe0000 - 0x00007ffacdd0d000 	C:\WINDOWS\System32\gdi32full.dll
0x00007ffacd670000 - 0x00007ffacd713000 	C:\WINDOWS\System32\msvcp_win.dll
0x00007ffacd170000 - 0x00007ffacd2bb000 	C:\WINDOWS\System32\ucrtbase.dll
0x00007ffaaadd0000 - 0x00007ffaab063000 	C:\WINDOWS\WinSxS\amd64_microsoft.windows.common-controls_6595b64144ccf1df_6.0.26100.5074_none_3e0d6f78e32fd63f\COMCTL32.dll
0x00007ffacfbd0000 - 0x00007ffacfbff000 	C:\WINDOWS\System32\IMM32.DLL
0x000000006a550000 - 0x000000006a622000 	E:\Katalon\Katalon_Studio_Windows_64-8.6.0\jre\bin\msvcr100.dll
0x000000006a8a0000 - 0x000000006b165000 	E:\Katalon\Katalon_Studio_Windows_64-8.6.0\jre\bin\server\jvm.dll
0x00007ffacec70000 - 0x00007ffacec78000 	C:\WINDOWS\System32\PSAPI.DLL
0x00007ffaa0240000 - 0x00007ffaa024a000 	C:\WINDOWS\SYSTEM32\WSOCK32.dll
0x00007ffacf960000 - 0x00007ffacf9d4000 	C:\WINDOWS\System32\WS2_32.dll
0x00007ffabfdf0000 - 0x00007ffabfe25000 	C:\WINDOWS\SYSTEM32\WINMM.dll
0x00007ffac2e50000 - 0x00007ffac2e5b000 	C:\WINDOWS\SYSTEM32\VERSION.dll
0x00007ffac8010000 - 0x00007ffac801f000 	E:\Katalon\Katalon_Studio_Windows_64-8.6.0\jre\bin\verify.dll
0x00007ffac76d0000 - 0x00007ffac76f9000 	E:\Katalon\Katalon_Studio_Windows_64-8.6.0\jre\bin\java.dll
0x00007ffac7db0000 - 0x00007ffac7dc6000 	E:\Katalon\Katalon_Studio_Windows_64-8.6.0\jre\bin\zip.dll
0x00007ffaced60000 - 0x00007ffacf4ad000 	C:\WINDOWS\System32\SHELL32.dll
0x00007ffacd2c0000 - 0x00007ffacd42c000 	C:\WINDOWS\System32\wintypes.dll
0x00007ffacfc10000 - 0x00007ffacff8b000 	C:\WINDOWS\System32\combase.dll
0x00007ffacad00000 - 0x00007ffacb559000 	C:\WINDOWS\SYSTEM32\windows.storage.dll
0x00007ffacf4b0000 - 0x00007ffacf5a0000 	C:\WINDOWS\System32\SHCORE.dll
0x00007ffacf610000 - 0x00007ffacf672000 	C:\WINDOWS\System32\shlwapi.dll
0x00007ffacd090000 - 0x00007ffacd0b9000 	C:\WINDOWS\SYSTEM32\profapi.dll
0x00007ffac7690000 - 0x00007ffac76ab000 	E:\Katalon\Katalon_Studio_Windows_64-8.6.0\jre\bin\net.dll
0x00007ffacc420000 - 0x00007ffacc48b000 	C:\WINDOWS\system32\mswsock.dll
0x00007ffac7670000 - 0x00007ffac7681000 	E:\Katalon\Katalon_Studio_Windows_64-8.6.0\jre\bin\nio.dll
0x00007ffacc6e0000 - 0x00007ffacc6fb000 	C:\WINDOWS\SYSTEM32\CRYPTSP.dll
0x00007ffacbdf0000 - 0x00007ffacbe2b000 	C:\WINDOWS\system32\rsaenh.dll
0x00007ffacc4e0000 - 0x00007ffacc50b000 	C:\WINDOWS\SYSTEM32\USERENV.dll
0x00007ffacd060000 - 0x00007ffacd086000 	C:\WINDOWS\SYSTEM32\bcrypt.dll
0x00007ffacdd10000 - 0x00007ffacdda9000 	C:\WINDOWS\System32\bcryptprimitives.dll
0x00007ffacc700000 - 0x00007ffacc70c000 	C:\WINDOWS\SYSTEM32\CRYPTBASE.dll
0x00007ffacb880000 - 0x00007ffacb8b4000 	C:\WINDOWS\SYSTEM32\IPHLPAPI.DLL
0x00007ffacde70000 - 0x00007ffacde7a000 	C:\WINDOWS\System32\NSI.dll
0x00007ffac61e0000 - 0x00007ffac61fe000 	C:\WINDOWS\SYSTEM32\dhcpcsvc6.DLL
0x00007ffac61b0000 - 0x00007ffac61d3000 	C:\WINDOWS\SYSTEM32\dhcpcsvc.DLL
0x00007ffacb910000 - 0x00007ffacba36000 	C:\WINDOWS\SYSTEM32\DNSAPI.dll
0x00007ffac2e30000 - 0x00007ffac2e3b000 	C:\Windows\System32\rasadhlp.dll
0x00007ffac6b10000 - 0x00007ffac6b96000 	C:\WINDOWS\System32\fwpuclnt.dll
0x00007ffac6370000 - 0x00007ffac6394000 	E:\Katalon\Katalon_Studio_Windows_64-8.6.0\jre\bin\sunec.dll
0x00007ffac7600000 - 0x00007ffac760c000 	E:\Katalon\Katalon_Studio_Windows_64-8.6.0\jre\bin\sunmscapi.dll
0x00007ffacd430000 - 0x00007ffacd5a7000 	C:\WINDOWS\System32\CRYPT32.dll
0x00007ffacc900000 - 0x00007ffacc930000 	C:\WINDOWS\SYSTEM32\ncrypt.dll
0x00007ffacc8b0000 - 0x00007ffacc8ef000 	C:\WINDOWS\SYSTEM32\NTASN1.dll

VM Arguments:
jvm_args: -Dgroovy.home=C:\Users\HP/.groovy -Djava.system.class.loader=groovy.lang.GroovyClassLoader -Xmx2048m -Dfile.encoding=UTF-8 
java_command: org.codehaus.groovy.tools.GroovyStarter --classpath D:\Berijalan\SEVA\Automation\fixing\seva-web-automation\bin\keyword;D:\Berijalan\SEVA\Automation\fixing\seva-web-automation\Keywords;D:\Berijalan\SEVA\Automation\fixing\seva-web-automation\bin\listener;D:\Berijalan\SEVA\Automation\fixing\seva-web-automation\Test Listeners;D:\Berijalan\SEVA\Automation\fixing\seva-web-automation\bin\lib;D:\Berijalan\SEVA\Automation\fixing\seva-web-automation\Libs;D:\Berijalan\SEVA\Automation\fixing\seva-web-automation\bin\groovy;D:\Berijalan\SEVA\Automation\fixing\seva-web-automation\Include\scripts\groovy;E:\Katalon\Katalon_Studio_Windows_64-8.6.0\plugins\com.kms.katalon.core_1.0.0.202303100818.jar;E:\Katalon\Katalon_Studio_Windows_64-8.6.0\configuration\resources\lib\aalto-xml-1.0.0.jar;E:\Katalon\Katalon_Studio_Windows_64-8.6.0\configuration\resources\lib\aspectjweaver-1.9.1.jar;E:\Katalon\Katalon_Studio_Windows_64-8.6.0\configuration\resources\lib\bcpkix-jdk15on-1.64.jar;E:\Katalon\Katalon_Studio_Windows_64-8.6.0\configuration\resources\lib\bcprov-jdk15on-1.64.jar;E:\Katalon\Katalon_Studio_Windows_64-8.6.0\configuration\resources\lib\browsermob-core-2.1.5.jar;E:\Katalon\Katalon_Studio_Windows_64-8.6.0\configuration\resources\lib\cglib-3.2.10.jar;E:\Katalon\Katalon_Studio_Windows_64-8.6.0\configuration\resources\lib\commons-codec-1.10.jar;E:\Katalon\Katalon_Studio_Windows_64-8.6.0\configuration\resources\lib\commons-collections4-4.1.jar;E:\Katalon\Katalon_Studio_Windows_64-8.6.0\configuration\resources\lib\commons-validator-1.6.jar;E:\Katalon\Katalon_Studio_Windows_64-8.6.0\configuration\resources\lib\curvesapi-1.04.jar;E:\Katalon\Katalon_Studio_Windows_64-8.6.0\configuration\resources\lib\dnsjava-2.1.8.jar;E:\Katalon\Katalon_Studio_Windows_64-8.6.0\configuration\resources\lib\java-client-7.0.0.jar;E:\Katalon\Katalon_Studio_Windows_64-8.6.0\configuration\resources\lib\jna-4.1.0.jar;E:\Katalon\Katalon_Studio_Windows_64-8.6.0\configuration\resources\lib\jna-platform-
java_class_path (initial): D:\Berijalan\SEVA\Automation\fixing\seva-web-automation\bin\keyword;D:\Berijalan\SEVA\Automation\fixing\seva-web-automation\bin\listener;D:\Berijalan\SEVA\Automation\fixing\seva-web-automation\bin\lib;D:\Berijalan\SEVA\Automation\fixing\seva-web-automation\bin\groovy;D:\Berijalan\SEVA\Automation\fixing\seva-web-automation\bin;E:\Katalon\Katalon_Studio_Windows_64-8.6.0\plugins\com.kms.katalon.core_1.0.0.202303100818.jar;E:\Katalon\Katalon_Studio_Windows_64-8.6.0\configuration\resources\lib\aalto-xml-1.0.0.jar;E:\Katalon\Katalon_Studio_Windows_64-8.6.0\configuration\resources\lib\aspectjweaver-1.9.1.jar;E:\Katalon\Katalon_Studio_Windows_64-8.6.0\configuration\resources\lib\bcpkix-jdk15on-1.64.jar;E:\Katalon\Katalon_Studio_Windows_64-8.6.0\configuration\resources\lib\bcprov-jdk15on-1.64.jar;E:\Katalon\Katalon_Studio_Windows_64-8.6.0\configuration\resources\lib\browsermob-core-2.1.5.jar;E:\Katalon\Katalon_Studio_Windows_64-8.6.0\configuration\resources\lib\cglib-3.2.10.jar;E:\Katalon\Katalon_Studio_Windows_64-8.6.0\configuration\resources\lib\commons-codec-1.10.jar;E:\Katalon\Katalon_Studio_Windows_64-8.6.0\configuration\resources\lib\commons-collections4-4.1.jar;E:\Katalon\Katalon_Studio_Windows_64-8.6.0\configuration\resources\lib\commons-validator-1.6.jar;E:\Katalon\Katalon_Studio_Windows_64-8.6.0\configuration\resources\lib\curvesapi-1.04.jar;E:\Katalon\Katalon_Studio_Windows_64-8.6.0\configuration\resources\lib\dnsjava-2.1.8.jar;E:\Katalon\Katalon_Studio_Windows_64-8.6.0\configuration\resources\lib\java-client-7.0.0.jar;E:\Katalon\Katalon_Studio_Windows_64-8.6.0\configuration\resources\lib\jna-4.1.0.jar;E:\Katalon\Katalon_Studio_Windows_64-8.6.0\configuration\resources\lib\jna-platform-4.1.0.jar;E:\Katalon\Katalon_Studio_Windows_64-8.6.0\configuration\resources\lib\jzlib-1.1.3.jar;E:\Katalon\Katalon_Studio_Windows_64-8.6.0\configuration\resources\lib\kat-server.jar;E:\Katalon\Katalon_Studio_Windows_64-8.6.0\configuration\resources\lib\l
Launcher Type: SUN_STANDARD

Environment Variables:
JAVA_HOME=C:\Program Files\Java\jdk1.8.0_202
USERNAME=HP
OS=Windows_NT
PROCESSOR_IDENTIFIER=Intel64 Family 6 Model 140 Stepping 1, GenuineIntel



---------------  S Y S T E M  ---------------

OS: Windows 10.0 , 64 bit Build 26100 (10.0.26100.5074)
HyperV virtualization detected

CPU:total 8 (initial active 8) (4 cores per cpu, 2 threads per core) family 6 model 140 stepping 1, cmov, cx8, fxsr, mmx, sse, sse2, sse3, ssse3, sse4.1, sse4.2, popcnt, avx, avx2, aes, clmul, erms, 3dnowpref, lzcnt, ht, tsc, tscinvbit, bmi1, bmi2, adx

Memory: 4k page, physical 8148984k(851108k free), swap 33314808k(4k free)

vm_info: OpenJDK 64-Bit Server VM (25.282-b08) for windows-amd64 JRE (Zulu 8.52.0.23-CA-win64) (1.8.0_282-b08), built on Jan 12 2021 07:45:49 by "tester" with MS VC++ 10.0 (VS2010)

time: Fri Sep 26 16:04:38 2025
timezone: SE Asia Standard Time
elapsed time: 25.880932 seconds (0d 0h 0m 25s)

