#
# There is insufficient memory for the Java Runtime Environment to continue.
# Native memory allocation (malloc) failed to allocate 1565216 bytes for Chunk::new
# Possible reasons:
#   The system is out of physical RAM or swap space
#   The process is running with CompressedOops enabled, and the Java Heap may be blocking the growth of the native heap
# Possible solutions:
#   Reduce memory load on the system
#   Increase physical memory or swap space
#   Check if swap backing store is full
#   Decrease Java heap size (-Xmx/-Xms)
#   Decrease number of Java threads
#   Decrease Java thread stack sizes (-Xss)
#   Set larger code cache with -XX:ReservedCodeCacheSize=
#   JVM is running with Unscaled Compressed Oops mode in which the Java heap is
#     placed in the first 4GB address space. The Java Heap base address is the
#     maximum limit for the native heap growth. Please use -XX:HeapBaseMinAddress
#     to set the Java Heap base and to place the Java Heap above 4GB virtual address.
# This output file may be truncated or incomplete.
#
#  Out of Memory Error (arena.cpp:189), pid=14576, tid=26344
#
# JRE version: OpenJDK Runtime Environment Temurin-17.0.7+7 (17.0.7+7) (build 17.0.7+7)
# Java VM: OpenJDK 64-Bit Server VM Temurin-17.0.7+7 (17.0.7+7, mixed mode, tiered, compressed oops, compressed class ptrs, g1 gc, windows-amd64)
# No core dump will be written. Minidumps are not enabled by default on client versions of Windows
#

---------------  S U M M A R Y ------------

Command Line: -Dgroovy.home=C:\Users\mhifn/.groovy -Djava.system.class.loader=groovy.lang.GroovyClassLoader -Xmx2048m -Dfile.encoding=UTF-8 -XX:+ShowCodeDetailsInExceptionMessages org.codehaus.groovy.tools.GroovyStarter --classpath E:\SEVA\seva-web-automation\bin\keyword;E:\SEVA\seva-web-automation\Keywords;E:\SEVA\seva-web-automation\bin\listener;E:\SEVA\seva-web-automation\Test Listeners;E:\SEVA\seva-web-automation\bin\lib;E:\SEVA\seva-web-automation\Libs;E:\SEVA\seva-web-automation\bin\groovy;E:\SEVA\seva-web-automation\Include\scripts\groovy;C:\Users\mhifn\.katalon\packages\KS-9.7.3\plugins\com.kms.katalon.core_1.0.0.202411031505.jar;C:\Users\mhifn\.katalon\packages\KS-9.7.3\configuration\resources\lib\aalto-xml-1.0.0.jar;C:\Users\mhifn\.katalon\packages\KS-9.7.3\configuration\resources\lib\aspectjweaver-1.9.1.jar;C:\Users\mhifn\.katalon\packages\KS-9.7.3\configuration\resources\lib\aws-2.20.3-fat.jar;C:\Users\mhifn\.katalon\packages\KS-9.7.3\configuration\resources\lib\bcpkix-jdk15on-1.64.jar;C:\Users\mhifn\.katalon\packages\KS-9.7.3\configuration\resources\lib\bcprov-jdk15on-1.64.jar;C:\Users\mhifn\.katalon\packages\KS-9.7.3\configuration\resources\lib\browsermob-core-2.1.5.jar;C:\Users\mhifn\.katalon\packages\KS-9.7.3\configuration\resources\lib\byte-buddy-1.14.3.jar;C:\Users\mhifn\.katalon\packages\KS-9.7.3\configuration\resources\lib\byte-buddy-agent-1.14.3.jar;C:\Users\mhifn\.katalon\packages\KS-9.7.3\configuration\resources\lib\cglib-3.2.10.jar;C:\Users\mhifn\.katalon\packages\KS-9.7.3\configuration\resources\lib\commons-codec-1.10.jar;C:\Users\mhifn\.katalon\packages\KS-9.7.3\configuration\resources\lib\commons-collections4-4.1.jar;C:\Users\mhifn\.katalon\packages\KS-9.7.3\configuration\resources\lib\commons-validator-1.6.jar;C:\Users\mhifn\.katalon\packages\KS-9.7.3\configuration\resources\lib\curvesapi-1.04.jar;C:\Users\mhifn\.katalon\packages\KS-9.7.3\configuration\resources\lib\dnsjava-3.6.2.jar;C:\Users\mhifn\.katalon\packages\KS-9.7.3\configuration\resources\lib\groovy-3.0.17-fat.jar;C:\Users\mhifn\.katalon\packages\KS-9.7.3\configuration\resources\lib\jackson-coreutils-2.0.jar;C:\Users\mhifn\.katalon\packages\KS-9.7.3\configuration\resources\lib\jackson-coreutils-equivalence-1.0.jar;C:\Users\mhifn\.katalon\packages\KS-9.7.3\configuration\resources\lib\java-client-7.0.0.jar;C:\Users\mhifn\.katalon\packages\KS-9.7.3\configuration\resources\lib\javax.servlet-api_3.1.0.jar;C:\Users\mhifn\.katalon\packages\KS-9.7.3\configuration\resources\lib\jna-5.12.1.jar;C:\Users\mhifn\.katalon\packages\KS-9.7.3\configuration\resources\lib\jna-platform-5.12.1.jar;C:\Users\mhifn\.katalon\packages\KS-9.7.3\configuration\resources\lib\json-schema-core-1.2.14.jar;C:\Users\mhifn\.katalon\packages\KS-9.7.3\configuration\resources\lib\json-schema-validator-2.2.14.jar;C:\Users\mhifn\.katalon\packages\KS-9.7.3\configuration\resources\lib\jzlib-1.1.3.jar;C:\Users\mhifn\.katalon\packages\KS-9.7.3\configuration\resources\lib\kat-server.jar;C:\Users\mhifn\.katalon\packages\KS-9.7.3\configuration\resources\lib\littleproxy-1.1.0-beta-bmp-17.jar;C:\Users\mhifn\.katalon\packages\KS-9.7.3\configuration\resources\lib\log4j-1.2-api-2.17.1.jar;C:\Users\mhifn\.katalon\packages\KS-9.7.3\configuration\resources\lib\log4j-api-2.17.1.jar;C:\Users\mhifn\.katalon\packages\KS-9.7.3\configuration\resources\lib\log4j-core-2.17.1.jar;C:\Users\mhifn\.katalon\packages\KS-9.7.3\configuration\resources\lib\mitm-2.1.5.jar;C:\Users\mhifn\.katalon\packages\KS-9.7.3\configuration\resources\lib\mockito-core-5.2.0.jar;C:\Users\mhifn\.katalon\packages\KS-9.7.3\configuration\resources\lib\mockito-inline-5.2.0.jar;C:\Users\mhifn\.katalon\packages\KS-9.7.3\configuration\resources\lib\netty-all-4.1.109.Final.jar;C:\Users\mhifn\.katalon\packages\KS-9.7.3\configuration\resources\lib\objenesis-3.3.jar;C:\Users\mhifn\.katalon\packages\KS-9.7.3\configuration\resources\lib\poi-3.17.jar;C:\Users\mhifn\.katalon\packages\KS-9.7.3\configuration\resources\lib\poi-ooxml-3.17.jar;C:\Users\mhifn\.katalon\packages\KS-9.7.3\configuration\resources\lib\poi-ooxml-schemas-3.17.jar;C:\Users\mhifn\.katalon\packages\KS-9.7.3\configuration\resources\lib\proxy-vole-1.0.4-SNAPSHOT-jar-with-dependencies.jar;C:\Users\mhifn\.katalon\packages\KS-9.7.3\configuration\resources\lib\repackaged-sikuli-api-1.0.2-standalone.jar;C:\Users\mhifn\.katalon\packages\KS-9.7.3\configuration\resources\lib\selenium-leg-rc-3.141.59.jar;C:\Users\mhifn\.katalon\packages\KS-9.7.3\configuration\resources\lib\selenium-server-standalone-3.141.59.jar;C:\Users\mhifn\.katalon\packages\KS-9.7.3\configuration\resources\lib\selenium-shutterbug-1.1.jar;C:\Users\mhifn\.katalon\packages\KS-9.7.3\configuration\resources\lib\slf4j-api-1.7.25.jar;C:\Users\mhifn\.katalon\packages\KS-9.7.3\configuration\resources\lib\soap-builder-1.0.0.jar;C:\Users\mhifn\.katalon\packages\KS-9.7.3\configuration\resources\lib\soap-common-1.0.0.jar;C:\Users\mhifn\.katalon\packages\KS-9.7.3\configuration\resources\lib\soap-legacy-1.0.0.jar;C:\Users\mhifn\.katalon\packages\KS-9.7.3\configuration\resources\lib\spring-context-5.3.19.jar;C:\Users\mhifn\.katalon\packages\KS-9.7.3\configuration\resources\lib\stax2-api-4.0.0.jar;C:\Users\mhifn\.katalon\packages\KS-9.7.3\configuration\resources\lib\su.jar;C:\Users\mhifn\.katalon\packages\KS-9.7.3\configuration\resources\lib\swagger-parser-1.0.67-fat.jar;C:\Users\mhifn\.katalon\packages\KS-9.7.3\configuration\resources\lib\testng-7.8.0.jar;C:\Users\mhifn\.katalon\packages\KS-9.7.3\configuration\resources\lib\uri-template-0.1.jar;C:\Users\mhifn\.katalon\packages\KS-9.7.3\configuration\resources\lib\wadl.jar;C:\Users\mhifn\.katalon\packages\KS-9.7.3\configuration\resources\lib\xmlbeans-3.1.0.jar;C:\Users\mhifn\.katalon\packages\KS-9.7.3\plugins\net.sf.supercsv.super-csv_2.1.0.jar;C:\Users\mhifn\.katalon\packages\KS-9.7.3\plugins\org.apache.commons.commons-io_2.15.1.jar;C:\Users\mhifn\.katalon\packages\KS-9.7.3\plugins\org.apache.commons.lang_2.6.0.jar;C:\Users\mhifn\.katalon\packages\KS-9.7.3\plugins\com.google.gson_2.10.1.v20230109-0753.jar;C:\Users\mhifn\.katalon\packages\KS-9.7.3\plugins\org.jsoup_1.14.3.jar;C:\Users\mhifn\.katalon\packages\KS-9.7.3\plugins\org.apache.commons.dbutils_1.6.0.jar;C:\Users\mhifn\.katalon\packages\KS-9.7.3\plugins\com.oracle.jdbc.ojdbc7_12.1.0.2.jar;C:\Users\mhifn\.katalon\packages\KS-9.7.3\plugins\org.postgresql.jdbc_42.7.3.jar;c:\Users\mhifn\.katalon\packages\KS-9.7.3\plugins\org.eclipse.osgi_3.18.300.v20230220-1352.jar;C:\Users\mhifn\.katalon\packages\KS-9.7.3\plugins\com.kms.katalon.constant_1.0.0.202411031505.jar;C:\Users\mhifn\.katalon\packages\KS-9.7.3\plugins\org.eclipse.persistence.eclipselink_2.7.11.jar;C:\Users\mhifn\.katalon\packages\KS-9.7.3\plugins\com.kms.katalon.selenium-standalone_1.0.0.202411031505.jar;C:\Users\mhifn\.katalon\packages\KS-9.7.3\plugins\atu.testrecorder.screen-recorder_2.1.0.jar;C:\Users\mhifn\.katalon\packages\KS-9.7.3\plugins\com.google.guava_32.0.0.jre.jar;C:\Users\mhifn\.katalon\packages\KS-9.7.3\plugins\com.kms.katalon.util_1.0.0.202411031505.jar;C:\Users\mhifn\.katalon\packages\KS-9.7.3\plugins\org.apache.httpcomponents.httpclient_4.5.14.v20221207-1049.jar;C:\Users\mhifn\.katalon\packages\KS-9.7.3\plugins\org.apache.httpcomponents.httpcore_4.4.16.v20221207-1049.jar;C:\Users\mhifn\.katalon\packages\KS-9.7.3\plugins\org.apache.httpcomponents.httpmime_4.5.13.jar;C:\Users\mhifn\.katalon\packages\KS-9.7.3\plugins\org.apache.commons.lang3_3.14.0.jar;C:\Users\mhifn\.katalon\packages\KS-9.7.3\plugins\org.greenrobot.eventbus_3.1.1.jar;C:\Users\mhifn\.katalon\packages\KS-9.7.3\plugins\net.bytebuddy.byte-buddy_1.14.15.jar;C:\Users\mhifn\.katalon\packages\KS-9.7.3\plugins\org.junit_4.13.2.v20211018-1956.jar;C:\Users\mhifn\.katalon\packages\KS-9.7.3\plugins\com.fasterxml.jackson.core.jackson-databind_2.17.1.jar;C:\Users\mhifn\.katalon\packages\KS-9.7.3\plugins\com.fasterxml.jackson.core.jackson-core_2.17.1.jar;C:\Users\mhifn\.katalon\packages\KS-9.7.3\plugins\com.fasterxml.jackson.core.jackson-annotations_2.17.1.jar;C:\Users\mhifn\.katalon\packages\KS-9.7.3\plugins\ch.qos.logback.classic_1.2.13.jar;C:\Users\mhifn\.katalon\packages\KS-9.7.3\plugins\ch.qos.logback.core_1.2.13.jar;C:\Users\mhifn\.katalon\packages\KS-9.7.3\plugins\slf4j.api_1.7.36.jar;C:\Users\mhifn\.katalon\packages\KS-9.7.3\plugins\org.fusesource.jansi_1.17.1.jar;C:\Users\mhifn\.katalon\packages\KS-9.7.3\plugins\com.kms.katalon.netlightbody_1.0.0.202411031505.jar;C:\Users\mhifn\.katalon\packages\KS-9.7.3\plugins\com.kms.katalon.poi_1.0.0.202411031505.jar;C:\Users\mhifn\.katalon\packages\KS-9.7.3\plugins\org.apache.commons.commons-text_1.10.0.jar;C:\Users\mhifn\.katalon\packages\KS-9.7.3\plugins\com.kms.katalon.proxyvole_1.0.0.202411031505.jar;C:\Users\mhifn\.katalon\packages\KS-9.7.3\plugins\com.microsoft.sqlserver.mssql-jdbc_6.2.2.jre8.jar;C:\Users\mhifn\.katalon\packages\KS-9.7.3\plugins\com.github.kklisura.cdt.java-client_2.1.0.jar;C:\Users\mhifn\.katalon\packages\KS-9.7.3\plugins\javax.websocket-api_1.1.0.jar;C:\Users\mhifn\.katalon\packages\KS-9.7.3\plugins\org.glassfish.tyrus.container-grizzly-client_1.13.1.jar;C:\Users\mhifn\.katalon\packages\KS-9.7.3\plugins\org.glassfish.grizzly.http-server_2.3.25.jar;C:\Users\mhifn\.katalon\packages\KS-9.7.3\plugins\org.glassfish.grizzly.framework_2.3.25.jar;C:\Users\mhifn\.katalon\packages\KS-9.7.3\plugins\org.glassfish.grizzly.http_2.3.25.jar;C:\Users\mhifn\.katalon\packages\KS-9.7.3\plugins\org.glassfish.tyrus.client_1.13.1.jar;C:\Users\mhifn\.katalon\packages\KS-9.7.3\plugins\org.glassfish.tyrus.core_1.13.1.jar;C:\Users\mhifn\.katalon\packages\KS-9.7.3\plugins\org.glassfish.tyrus.spi_1.13.1.jar;C:\Users\mhifn\.katalon\packages\KS-9.7.3\plugins\javassist_3.28.0.GA.jar;C:\Users\mhifn\.katalon\packages\KS-9.7.3\plugins\graphql-java_22.3.0.jar;C:\Users\mhifn\.katalon\packages\KS-9.7.3\plugins\org.glassfish.jaxb.runtime_2.3.6.jar;C:\Users\mhifn\.katalon\packages\KS-9.7.3\plugins\org.glassfish.jaxb.txw2_2.3.6.jar;C:\Users\mhifn\.katalon\packages\KS-9.7.3\plugins\org.dom4j_2.1.4.jar;C:\Users\mhifn\.katalon\packages\KS-9.7.3\plugins\com.kms.katalon.groovy-extended_1.0.0.202411031505.jar;C:\Users\mhifn\.katalon\packages\KS-9.7.3\plugins\com.sun.activation.javax.activation_1.2.0.jar;C:\Users\mhifn\.katalon\packages\KS-9.7.3\plugins\jakarta.xml.bind-api_2.3.3.jar;C:\Users\mhifn\.katalon\packages\KS-9.7.3\plugins\com.sun.xml.bind.jaxb-impl_2.3.6.jar;C:\Users\mhifn\.katalon\packages\KS-9.7.3\plugins\org.eclipse.jface_3.29.0.v20230214-1401.jar;C:\Users\mhifn\.katalon\packages\KS-9.7.3\plugins\com.kms.katalon.logging_1.0.0.202411031505.jar;C:\Users\mhifn\.katalon\packages\KS-9.7.3\plugins\json_20240303.0.0.jar;C:\Users\mhifn\.katalon\packages\KS-9.7.3\plugins\assertj-core_3.25.3.jar;C:\Users\mhifn\.katalon\packages\KS-9.7.3\plugins\com.networknt.json-schema-validator_1.0.66.jar;C:\Users\mhifn\.katalon\packages\KS-9.7.3\plugins\com.kms.katalon.network.apache_1.0.0.202411031505.jar;C:\Users\mhifn\.katalon\packages\KS-9.7.3\plugins\java-dataloader_3.3.0.jar;C:\Users\mhifn\.katalon\packages\KS-9.7.3\plugins\org.apache.commons.logging_1.2.0.v20180409-1502.jar;C:\Users\mhifn\.katalon\packages\KS-9.7.3\plugins\org.hamcrest.core_1.3.0.v20180420-1519.jar;C:\Users\mhifn\.katalon\packages\KS-9.7.3\plugins\org.beanshell.bsh_2.0.0.0b4.jar;C:\Users\mhifn\.katalon\packages\KS-9.7.3\plugins\org.apache.ant.launcher_1.9.6.jar;C:\Users\mhifn\.katalon\packages\KS-9.7.3\plugins\com.kms.katalon.core.appium_1.0.0.202411031505.jar;C:\Users\mhifn\.katalon\packages\KS-9.7.3\plugins\com.kms.katalon.api_1.0.0.202411031505.jar;C:\Users\mhifn\.katalon\packages\KS-9.7.3\plugins\org.eclipse.equinox.common_3.17.100.v20230202-1341.jar;C:\Users\mhifn\.katalon\packages\KS-9.7.3\plugins\com.kms.katalon.platform.core_1.0.0.202411031505.jar;C:\Users\mhifn\.katalon\packages\KS-9.7.3\plugins\com.kms.katalon.common_1.0.0.202411031505.jar;C:\Users\mhifn\.katalon\packages\KS-9.7.3\plugins\com.kms.katalon.session.core_1.0.0.202411031505.jar;C:\Users\mhifn\.katalon\packages\KS-9.7.3\plugins\org.eclipse.e4.core.contexts_1.11.0.v20220716-0839.jar;C:\Users\mhifn\.katalon\packages\KS-9.7.3\plugins\javax.inject_1.0.0.v20220405-0441.jar;C:\Users\mhifn\.katalon\packages\KS-9.7.3\plugins\org.eclipse.e4.core.di_1.8.300.v20220817-1539.jar;C:\Users\mhifn\.katalon\packages\KS-9.7.3\plugins\com.kms.katalon.network.core_1.0.0.202411031505.jar;C:\Users\mhifn\.katalon\packages\KS-9.7.3\plugins\com.kms.katalon.execution.core_1.0.0.202411031505.jar;C:\Users\mhifn\.katalon\packages\KS-9.7.3\plugins\org.eclipse.equinox.registry_3.11.200.v20220817-1601.jar;C:\Users\mhifn\.katalon\packages\KS-9.7.3\plugins\dev.failsafe_3.3.2.jar;C:\Users\mhifn\.katalon\packages\KS-9.7.3\plugins\com.fasterxml.jackson.datatype.jackson-datatype-jsr310_2.17.1.jar;C:\Users\mhifn\.katalon\packages\KS-9.7.3\plugins\org.eclipse.e4.core.di.annotations_1.7.200.v20220613-1008.jar;C:\Users\mhifn\.katalon\packages\KS-9.7.3\plugins\com.kms.katalon.core.webui_1.0.0.202411031505.jar;C:\Users\mhifn\.katalon\packages\KS-9.7.3\plugins\org.eclipse.e4.core.services_2.3.400.v20220915-1347.jar;C:\Users\mhifn\.katalon\packages\KS-9.7.3\plugins\com.kms.katalon.core.mobile_1.0.0.202411031505.jar;C:\Users\mhifn\.katalon\packages\KS-9.7.3\plugins\org.apache.commons.commons-validator_1.7.0.jar;C:\Users\mhifn\.katalon\packages\KS-9.7.3\plugins\com.kms.katalon.core.cucumber_1.0.0.202411031505.jar;C:\Users\mhifn\.katalon\packages\KS-9.7.3\plugins\io.cucumber.core_3.0.3.jar;C:\Users\mhifn\.katalon\packages\KS-9.7.3\plugins\io.cucumber.datatable_1.1.15.jar;C:\Users\mhifn\.katalon\packages\KS-9.7.3\plugins\io.cucumber.datatable-dependencies_1.1.15.jar;C:\Users\mhifn\.katalon\packages\KS-9.7.3\plugins\io.cucumber.expressions_5.0.19.jar;C:\Users\mhifn\.katalon\packages\KS-9.7.3\plugins\io.cucumber.gherkin_5.0.0.jar;C:\Users\mhifn\.katalon\packages\KS-9.7.3\plugins\io.cucumber.html_0.2.7.jar;C:\Users\mhifn\.katalon\packages\KS-9.7.3\plugins\io.cucumber.java_3.0.3.jar;C:\Users\mhifn\.katalon\packages\KS-9.7.3\plugins\io.cucumber.tag-expressions_1.1.1.jar;C:\Users\mhifn\.katalon\packages\KS-9.7.3\plugins\io.cucumber.junit_3.0.3.jar;C:\Users\mhifn\.katalon\packages\KS-9.7.3\plugins\com.kms.katalon.core.webservice_1.0.0.202411031505.jar;C:\Users\mhifn\.katalon\packages\KS-9.7.3\plugins\wsdl4j_1.6.2.jar;C:\Users\mhifn\.katalon\packages\KS-9.7.3\plugins\com.google.oauth-client.google-oauth-client_1.22.0.jar;C:\Users\mhifn\.katalon\packages\KS-9.7.3\plugins\com.google.http-client.google-http-client_1.22.0.jar;C:\Users\mhifn\.katalon\packages\KS-9.7.3\plugins\ca.juliusdavies.not-yet-commons-ssl_0.3.11.jar;C:\Users\mhifn\.katalon\packages\KS-9.7.3\plugins\com.kms.katalon.preferences_1.0.0.202411031505.jar;C:\Users\mhifn\.katalon\packages\KS-9.7.3\plugins\org.apache.xmlbeans_3.1.0.jar;C:\Users\mhifn\.katalon\packages\KS-9.7.3\plugins\com.kms.katalon.entity_1.0.0.202411031505.jar;C:\Users\mhifn\.katalon\packages\KS-9.7.3\plugins\jakarta.xml.ws-api_2.3.3.jar;C:\Users\mhifn\.katalon\packages\KS-9.7.3\plugins\javax.xml.soap-api_1.4.0.jar;C:\Users\mhifn\.katalon\packages\KS-9.7.3\plugins\com.atlassian.oai.swagger-request-validator-core_2.38.0.jar;C:\Users\mhifn\.katalon\packages\KS-9.7.3\plugins\io.swagger.compat-spec-parser_1.0.67.jar;C:\Users\mhifn\.katalon\packages\KS-9.7.3\plugins\io.swagger.core.v3.swagger-annotations_2.2.14.jar;C:\Users\mhifn\.katalon\packages\KS-9.7.3\plugins\io.swagger.core.v3.swagger-core_2.2.14.jar;C:\Users\mhifn\.katalon\packages\KS-9.7.3\plugins\io.swagger.core.v3.swagger-models_2.2.14.jar;C:\Users\mhifn\.katalon\packages\KS-9.7.3\plugins\io.swagger.parser.v3.swagger-parser-core_2.1.16.jar;C:\Users\mhifn\.katalon\packages\KS-9.7.3\plugins\io.swagger.parser.v3.swagger-parser-v2-converter_2.1.16.jar;C:\Users\mhifn\.katalon\packages\KS-9.7.3\plugins\com.github.java-json-tools.btf_1.3.0.jar;C:\Users\mhifn\.katalon\packages\KS-9.7.3\plugins\com.fasterxml.jackson.dataformat.jackson-dataformat-yaml_2.17.1.jar;C:\Users\mhifn\.katalon\packages\KS-9.7.3\plugins\org.yaml.snakeyaml_2.2.0.jar;C:\Users\mhifn\.katalon\packages\KS-9.7.3\plugins\com.github.java-json-tools.msg-simple_1.2.0.jar;C:\Users\mhifn\.katalon\packages\KS-9.7.3\plugins\jackson-core-asl_1.9.13.jar;C:\Users\mhifn\.katalon\packages\KS-9.7.3\plugins\joda-time_2.10.5.jar;C:\Users\mhifn\.katalon\packages\KS-9.7.3\plugins\javax.mail-api_1.6.2.jar;C:\Users\mhifn\.katalon\packages\KS-9.7.3\plugins\com.googlecode.libphonenumber_8.11.1.jar;C:\Users\mhifn\.katalon\packages\KS-9.7.3\plugins\com.google.guava.failureaccess_1.0.1.jar;C:\Users\mhifn\.katalon\packages\KS-9.7.3\plugins\io.swagger.parser.v3.swagger-parser_2.1.16.jar;C:\Users\mhifn\.katalon\packages\KS-9.7.3\plugins\io.swagger.parser.v3.swagger-parser-v3_2.1.16.jar;C:\Users\mhifn\.katalon\packages\KS-9.7.3\plugins\io.swagger.parser_1.0.67.jar;C:\Users\mhifn\.katalon\packages\KS-9.7.3\plugins\com.kms.katalon.core.windows_1.0.0.202411031505.jar;C:\Users\mhifn\.katalon\packages\KS-9.7.3\plugins\com.kms.katalon.core.testng_1.0.0.202411031505.jar;C:\Users\mhifn\.katalon\packages\KS-9.7.3\configuration\org.eclipse.osgi\32\0\.cp\resources\basic-report\katalon-studio-report-plugin.jar;C:\Users\mhifn\.katalon\packages\KS-9.7.3\plugins\org.codehaus.groovy_3.0.17.v202303311542-e2303\lib\groovy-3.0.17-indy.jar;C:\Users\mhifn\.katalon\packages\KS-9.7.3\plugins\org.codehaus.groovy_3.0.17.v202303311542-e2303\lib\ivy-2.5.1.jar --main groovy.ui.GroovyMain --encoding UTF-8 --indy E:\SEVA\seva-web-automation\Libs\TempTestCase1752050218333.groovy

Host: AMD Ryzen 5 5500U with Radeon Graphics         , 12 cores, 15G,  Windows 11 , 64 bit Build 26100 (10.0.26100.4202)
Time: Wed Jul  9 15:37:09 2025 SE Asia Standard Time elapsed time: 10.607467 seconds (0d 0h 0m 10s)

---------------  T H R E A D  ---------------

Current thread (0x00000247a01c7e20):  JavaThread "C2 CompilerThread1" daemon [_thread_in_native, id=26344, stack(0x000000d55fd00000,0x000000d55fe00000)]


Current CompileTask:
C2:  10607 5230       4       groovyjarjarantlr4.v4.runtime.atn.PredictionContext::getCachedContext (297 bytes)

Stack: [0x000000d55fd00000,0x000000d55fe00000]
Native frames: (J=compiled Java code, j=interpreted, Vv=VM code, C=native code)
V  [jvm.dll+0x67754a]
V  [jvm.dll+0x834304]
V  [jvm.dll+0x835aae]
V  [jvm.dll+0x836113]
V  [jvm.dll+0x24696f]
V  [jvm.dll+0xac0ac]
V  [jvm.dll+0xac67c]
V  [jvm.dll+0x2adbef]
V  [jvm.dll+0x580067]
V  [jvm.dll+0x221e72]
V  [jvm.dll+0x22224f]
V  [jvm.dll+0x21b4a5]
V  [jvm.dll+0x21895b]
V  [jvm.dll+0x1a4d8d]
V  [jvm.dll+0x2284da]
V  [jvm.dll+0x226615]
V  [jvm.dll+0x7ea90b]
V  [jvm.dll+0x7e4e7a]
V  [jvm.dll+0x676395]
C  [ucrtbase.dll+0x37b0]
C  [KERNEL32.DLL+0x2e8d7]
C  [ntdll.dll+0x3c34c]


---------------  P R O C E S S  ---------------

Threads class SMR info:
_java_thread_list=0x000002479ea76050, length=21, elements={
0x00000247fe11af40, 0x00000247ffc6eae0, 0x0000024798674a80, 0x00000247986b14d0,
0x00000247986b1f90, 0x00000247986b6870, 0x00000247986b7130, 0x00000247986c6250,
0x00000247986c6b50, 0x00000247986cb460, 0x0000024798865d70, 0x000002479d7af100,
0x000002479fe91060, 0x000002479fe91530, 0x000002479fe91a00, 0x000002479fe91ed0,
0x000002479fe92870, 0x000002479fe92d40, 0x000002479fe93bb0, 0x00000247a1099310,
0x00000247a01c7e20
}

Java Threads: ( => current thread )
  0x00000247fe11af40 JavaThread "Forwarding sendKeysToElement on session 369c10b2ef096bb51f75028235593e05 to remote" [_thread_in_native, id=25560, stack(0x000000d55d700000,0x000000d55d800000)]
  0x00000247ffc6eae0 JavaThread "Reference Handler" daemon [_thread_blocked, id=20884, stack(0x000000d55de00000,0x000000d55df00000)]
  0x0000024798674a80 JavaThread "Finalizer" daemon [_thread_blocked, id=17352, stack(0x000000d55df00000,0x000000d55e000000)]
  0x00000247986b14d0 JavaThread "Signal Dispatcher" daemon [_thread_blocked, id=21440, stack(0x000000d55e000000,0x000000d55e100000)]
  0x00000247986b1f90 JavaThread "Attach Listener" daemon [_thread_blocked, id=30072, stack(0x000000d55e100000,0x000000d55e200000)]
  0x00000247986b6870 JavaThread "Service Thread" daemon [_thread_blocked, id=36448, stack(0x000000d55e200000,0x000000d55e300000)]
  0x00000247986b7130 JavaThread "Monitor Deflation Thread" daemon [_thread_blocked, id=23472, stack(0x000000d55e300000,0x000000d55e400000)]
  0x00000247986c6250 JavaThread "C2 CompilerThread0" daemon [_thread_in_native, id=21016, stack(0x000000d55e400000,0x000000d55e500000)]
  0x00000247986c6b50 JavaThread "C1 CompilerThread0" daemon [_thread_blocked, id=22856, stack(0x000000d55e500000,0x000000d55e600000)]
  0x00000247986cb460 JavaThread "Sweeper thread" daemon [_thread_blocked, id=24784, stack(0x000000d55e600000,0x000000d55e700000)]
  0x0000024798865d70 JavaThread "Common-Cleaner" daemon [_thread_blocked, id=36684, stack(0x000000d55e700000,0x000000d55e800000)]
  0x000002479d7af100 JavaThread "Notification Thread" daemon [_thread_blocked, id=924, stack(0x000000d55e800000,0x000000d55e900000)]
  0x000002479fe91060 JavaThread "Exec Default Executor" daemon [_thread_in_native, id=29460, stack(0x000000d55f700000,0x000000d55f800000)]
  0x000002479fe91530 JavaThread "UrlChecker-2" daemon [_thread_blocked, id=33920, stack(0x000000d55f800000,0x000000d55f900000)]
  0x000002479fe91a00 JavaThread "Exec Stream Pumper" daemon [_thread_in_native, id=28488, stack(0x000000d55ea00000,0x000000d55eb00000)]
  0x000002479fe91ed0 JavaThread "Exec Stream Pumper" daemon [_thread_in_native, id=17276, stack(0x000000d55ef00000,0x000000d55f000000)]
  0x000002479fe92870 JavaThread "ForkJoinPool.commonPool-worker-1" daemon [_thread_blocked, id=25928, stack(0x000000d55fb00000,0x000000d55fc00000)]
  0x000002479fe92d40 JavaThread "ForkJoinPool.commonPool-worker-2" daemon [_thread_blocked, id=22932, stack(0x000000d55fc00000,0x000000d55fd00000)]
  0x000002479fe93bb0 JavaThread "OkHttp ConnectionPool" daemon [_thread_blocked, id=27340, stack(0x000000d55fe00000,0x000000d55ff00000)]
  0x00000247a1099310 JavaThread "Okio Watchdog" daemon [_thread_blocked, id=21200, stack(0x000000d55ff00000,0x000000d560000000)]
=>0x00000247a01c7e20 JavaThread "C2 CompilerThread1" daemon [_thread_in_native, id=26344, stack(0x000000d55fd00000,0x000000d55fe00000)]

Other Threads:
  0x00000247ffc6a1d0 VMThread "VM Thread" [stack: 0x000000d55dd00000,0x000000d55de00000] [id=28296]
  0x00000247fe19c2d0 WatcherThread [stack: 0x000000d55e900000,0x000000d55ea00000] [id=18160]
  0x00000247fe17c350 GCTaskThread "GC Thread#0" [stack: 0x000000d55d800000,0x000000d55d900000] [id=28492]
  0x000002479dcc2c30 GCTaskThread "GC Thread#1" [stack: 0x000000d55eb00000,0x000000d55ec00000] [id=29628]
  0x000002479dcc2ee0 GCTaskThread "GC Thread#2" [stack: 0x000000d55ec00000,0x000000d55ed00000] [id=27844]
  0x000002479dcc3190 GCTaskThread "GC Thread#3" [stack: 0x000000d55ed00000,0x000000d55ee00000] [id=28092]
  0x000002479dca6040 GCTaskThread "GC Thread#4" [stack: 0x000000d55ee00000,0x000000d55ef00000] [id=29516]
  0x000002479eaa2ee0 GCTaskThread "GC Thread#5" [stack: 0x000000d55f000000,0x000000d55f100000] [id=10928]
  0x000002479ea4a7b0 GCTaskThread "GC Thread#6" [stack: 0x000000d55f100000,0x000000d55f200000] [id=9116]
  0x000002479ea40040 GCTaskThread "GC Thread#7" [stack: 0x000000d55f200000,0x000000d55f300000] [id=18884]
  0x000002479ed8cf30 GCTaskThread "GC Thread#8" [stack: 0x000000d55f300000,0x000000d55f400000] [id=36232]
  0x000002479ed8d1e0 GCTaskThread "GC Thread#9" [stack: 0x000000d55f400000,0x000000d55f500000] [id=18380]
  0x00000247fe18de70 ConcurrentGCThread "G1 Main Marker" [stack: 0x000000d55d900000,0x000000d55da00000] [id=21224]
  0x00000247fe18fde0 ConcurrentGCThread "G1 Conc#0" [stack: 0x000000d55da00000,0x000000d55db00000] [id=27156]
  0x000002479ea50820 ConcurrentGCThread "G1 Conc#1" [stack: 0x000000d55f500000,0x000000d55f600000] [id=27840]
  0x000002479ea50d80 ConcurrentGCThread "G1 Conc#2" [stack: 0x000000d55f600000,0x000000d55f700000] [id=27956]
  0x00000247ffb37720 ConcurrentGCThread "G1 Refine#0" [stack: 0x000000d55db00000,0x000000d55dc00000] [id=26976]
  0x00000247ffb37ef0 ConcurrentGCThread "G1 Service" [stack: 0x000000d55dc00000,0x000000d55dd00000] [id=29664]

Threads with active compile tasks:
C2 CompilerThread0    10633 5196  s!   4       org.codehaus.groovy.tools.RootLoader::loadClass (65 bytes)
C2 CompilerThread1    10634 5230       4       groovyjarjarantlr4.v4.runtime.atn.PredictionContext::getCachedContext (297 bytes)

VM state: not at safepoint (normal execution)

VM Mutex/Monitor currently owned by a thread: None

Heap address: 0x0000000080000000, size: 2048 MB, Compressed Oops mode: 32-bit

CDS archive(s) not mapped
Compressed class space mapped at: 0x0000000100000000-0x0000000140000000, reserved size: 1073741824
Narrow klass base: 0x0000000000000000, Narrow klass shift: 3, Narrow klass range: 0x140000000

GC Precious Log:
 CPUs: 12 total, 12 available
 Memory: 15755M
 Large Page Support: Disabled
 NUMA Support: Disabled
 Compressed Oops: Enabled (32-bit)
 Heap Region Size: 1M
 Heap Min Capacity: 8M
 Heap Initial Capacity: 248M
 Heap Max Capacity: 2G
 Pre-touch: Disabled
 Parallel Workers: 10
 Concurrent Workers: 3
 Concurrent Refinement Workers: 10
 Periodic GC: Disabled

Heap:
 garbage-first heap   total 95232K, used 45056K [0x0000000080000000, 0x0000000100000000)
  region size 1024K, 9 young (9216K), 2 survivors (2048K)
 Metaspace       used 44815K, committed 45312K, reserved 1114112K
  class space    used 4974K, committed 5184K, reserved 1048576K

Heap Regions: E=young(eden), S=young(survivor), O=old, HS=humongous(starts), HC=humongous(continues), CS=collection set, F=free, OA=open archive, CA=closed archive, TAMS=top-at-mark-start (previous, next)
|   0|0x0000000080000000, 0x0000000080100000, 0x0000000080100000|100%|HS|  |TAMS 0x0000000080100000, 0x0000000080000000| Complete 
|   1|0x0000000080100000, 0x0000000080200000, 0x0000000080200000|100%|HS|  |TAMS 0x0000000080200000, 0x0000000080100000| Complete 
|   2|0x0000000080200000, 0x0000000080300000, 0x0000000080300000|100%|HS|  |TAMS 0x0000000080300000, 0x0000000080200000| Complete 
|   3|0x0000000080300000, 0x0000000080400000, 0x0000000080400000|100%| O|  |TAMS 0x0000000080400000, 0x0000000080300000| Untracked 
|   4|0x0000000080400000, 0x0000000080500000, 0x0000000080500000|100%| O|  |TAMS 0x0000000080500000, 0x0000000080400000| Untracked 
|   5|0x0000000080500000, 0x0000000080600000, 0x0000000080600000|100%| O|  |TAMS 0x0000000080600000, 0x0000000080500000| Untracked 
|   6|0x0000000080600000, 0x0000000080700000, 0x0000000080700000|100%| O|  |TAMS 0x0000000080700000, 0x0000000080600000| Untracked 
|   7|0x0000000080700000, 0x0000000080800000, 0x0000000080800000|100%| O|  |TAMS 0x0000000080800000, 0x0000000080700000| Untracked 
|   8|0x0000000080800000, 0x0000000080900000, 0x0000000080900000|100%| O|  |TAMS 0x0000000080900000, 0x0000000080800000| Untracked 
|   9|0x0000000080900000, 0x0000000080a00000, 0x0000000080a00000|100%| O|  |TAMS 0x0000000080a00000, 0x0000000080900000| Untracked 
|  10|0x0000000080a00000, 0x0000000080b00000, 0x0000000080b00000|100%| O|  |TAMS 0x0000000080b00000, 0x0000000080a00000| Untracked 
|  11|0x0000000080b00000, 0x0000000080c00000, 0x0000000080c00000|100%| O|  |TAMS 0x0000000080c00000, 0x0000000080b00000| Untracked 
|  12|0x0000000080c00000, 0x0000000080d00000, 0x0000000080d00000|100%| O|  |TAMS 0x0000000080d00000, 0x0000000080c00000| Untracked 
|  13|0x0000000080d00000, 0x0000000080e00000, 0x0000000080e00000|100%| O|  |TAMS 0x0000000080e00000, 0x0000000080d00000| Untracked 
|  14|0x0000000080e00000, 0x0000000080f00000, 0x0000000080f00000|100%| O|  |TAMS 0x0000000080f00000, 0x0000000080e00000| Untracked 
|  15|0x0000000080f00000, 0x0000000081000000, 0x0000000081000000|100%| O|  |TAMS 0x0000000081000000, 0x0000000080f00000| Untracked 
|  16|0x0000000081000000, 0x0000000081100000, 0x0000000081100000|100%| O|  |TAMS 0x0000000081100000, 0x0000000081000000| Untracked 
|  17|0x0000000081100000, 0x0000000081200000, 0x0000000081200000|100%| O|  |TAMS 0x0000000081200000, 0x0000000081100000| Untracked 
|  18|0x0000000081200000, 0x0000000081300000, 0x0000000081300000|100%| O|  |TAMS 0x0000000081300000, 0x0000000081200000| Untracked 
|  19|0x0000000081300000, 0x0000000081400000, 0x0000000081400000|100%| O|  |TAMS 0x0000000081400000, 0x0000000081300000| Untracked 
|  20|0x0000000081400000, 0x0000000081500000, 0x0000000081500000|100%| O|  |TAMS 0x0000000081500000, 0x0000000081400000| Untracked 
|  21|0x0000000081500000, 0x0000000081600000, 0x0000000081600000|100%| O|  |TAMS 0x0000000081600000, 0x0000000081500000| Untracked 
|  22|0x0000000081600000, 0x0000000081700000, 0x0000000081700000|100%| O|  |TAMS 0x0000000081700000, 0x0000000081600000| Untracked 
|  23|0x0000000081700000, 0x0000000081800000, 0x0000000081800000|100%| O|  |TAMS 0x0000000081800000, 0x0000000081700000| Untracked 
|  24|0x0000000081800000, 0x0000000081900000, 0x0000000081900000|100%| O|  |TAMS 0x0000000081900000, 0x0000000081800000| Untracked 
|  25|0x0000000081900000, 0x0000000081a00000, 0x0000000081a00000|100%| O|  |TAMS 0x0000000081900000, 0x0000000081900000| Untracked 
|  26|0x0000000081a00000, 0x0000000081b00000, 0x0000000081b00000|100%| O|  |TAMS 0x0000000081a00000, 0x0000000081a00000| Untracked 
|  27|0x0000000081b00000, 0x0000000081c00000, 0x0000000081c00000|100%| O|  |TAMS 0x0000000081b00000, 0x0000000081b00000| Untracked 
|  28|0x0000000081c00000, 0x0000000081d00000, 0x0000000081d00000|100%| O|  |TAMS 0x0000000081d00000, 0x0000000081c00000| Untracked 
|  29|0x0000000081d00000, 0x0000000081e00000, 0x0000000081e00000|100%| O|  |TAMS 0x0000000081e00000, 0x0000000081d00000| Untracked 
|  30|0x0000000081e00000, 0x0000000081f00000, 0x0000000081f00000|100%| O|  |TAMS 0x0000000081f00000, 0x0000000081e00000| Untracked 
|  31|0x0000000081f00000, 0x0000000082000000, 0x0000000082000000|100%| O|  |TAMS 0x0000000081f00000, 0x0000000081f00000| Untracked 
|  32|0x0000000082000000, 0x0000000082100000, 0x0000000082100000|100%| O|  |TAMS 0x0000000082000000, 0x0000000082000000| Untracked 
|  33|0x0000000082100000, 0x0000000082200000, 0x0000000082200000|100%| O|  |TAMS 0x0000000082100000, 0x0000000082100000| Untracked 
|  34|0x0000000082200000, 0x0000000082300000, 0x0000000082300000|100%| O|  |TAMS 0x0000000082200000, 0x0000000082200000| Untracked 
|  35|0x0000000082300000, 0x0000000082400000, 0x0000000082400000|100%| O|  |TAMS 0x0000000082300000, 0x0000000082300000| Untracked 
|  36|0x0000000082400000, 0x0000000082400000, 0x0000000082500000|  0%| F|  |TAMS 0x0000000082400000, 0x0000000082400000| Untracked 
|  37|0x0000000082500000, 0x0000000082500000, 0x0000000082600000|  0%| F|  |TAMS 0x0000000082500000, 0x0000000082500000| Untracked 
|  38|0x0000000082600000, 0x0000000082600000, 0x0000000082700000|  0%| F|  |TAMS 0x0000000082600000, 0x0000000082600000| Untracked 
|  39|0x0000000082700000, 0x0000000082700000, 0x0000000082800000|  0%| F|  |TAMS 0x0000000082700000, 0x0000000082700000| Untracked 
|  40|0x0000000082800000, 0x0000000082800000, 0x0000000082900000|  0%| F|  |TAMS 0x0000000082800000, 0x0000000082800000| Untracked 
|  41|0x0000000082900000, 0x0000000082900000, 0x0000000082a00000|  0%| F|  |TAMS 0x0000000082900000, 0x0000000082900000| Untracked 
|  42|0x0000000082a00000, 0x0000000082a00000, 0x0000000082b00000|  0%| F|  |TAMS 0x0000000082a00000, 0x0000000082a00000| Untracked 
|  43|0x0000000082b00000, 0x0000000082b00000, 0x0000000082c00000|  0%| F|  |TAMS 0x0000000082b00000, 0x0000000082b00000| Untracked 
|  44|0x0000000082c00000, 0x0000000082c00000, 0x0000000082d00000|  0%| F|  |TAMS 0x0000000082c00000, 0x0000000082c00000| Untracked 
|  45|0x0000000082d00000, 0x0000000082d00000, 0x0000000082e00000|  0%| F|  |TAMS 0x0000000082d00000, 0x0000000082d00000| Untracked 
|  46|0x0000000082e00000, 0x0000000082e00000, 0x0000000082f00000|  0%| F|  |TAMS 0x0000000082e00000, 0x0000000082e00000| Untracked 
|  47|0x0000000082f00000, 0x0000000082f00000, 0x0000000083000000|  0%| F|  |TAMS 0x0000000082f00000, 0x0000000082f00000| Untracked 
|  48|0x0000000083000000, 0x0000000083000000, 0x0000000083100000|  0%| F|  |TAMS 0x0000000083000000, 0x0000000083000000| Untracked 
|  49|0x0000000083100000, 0x0000000083100000, 0x0000000083200000|  0%| F|  |TAMS 0x0000000083100000, 0x0000000083100000| Untracked 
|  50|0x0000000083200000, 0x0000000083200000, 0x0000000083300000|  0%| F|  |TAMS 0x0000000083200000, 0x0000000083200000| Untracked 
|  51|0x0000000083300000, 0x0000000083300000, 0x0000000083400000|  0%| F|  |TAMS 0x0000000083300000, 0x0000000083300000| Untracked 
|  52|0x0000000083400000, 0x0000000083400000, 0x0000000083500000|  0%| F|  |TAMS 0x0000000083400000, 0x0000000083400000| Untracked 
|  53|0x0000000083500000, 0x0000000083500000, 0x0000000083600000|  0%| F|  |TAMS 0x0000000083500000, 0x0000000083500000| Untracked 
|  54|0x0000000083600000, 0x0000000083700000, 0x0000000083700000|100%| S|CS|TAMS 0x0000000083600000, 0x0000000083600000| Complete 
|  55|0x0000000083700000, 0x0000000083800000, 0x0000000083800000|100%| S|CS|TAMS 0x0000000083700000, 0x0000000083700000| Complete 
|  56|0x0000000083800000, 0x0000000083800000, 0x0000000083900000|  0%| F|  |TAMS 0x0000000083800000, 0x0000000083800000| Untracked 
|  57|0x0000000083900000, 0x0000000083900000, 0x0000000083a00000|  0%| F|  |TAMS 0x0000000083900000, 0x0000000083900000| Untracked 
|  58|0x0000000083a00000, 0x0000000083a00000, 0x0000000083b00000|  0%| F|  |TAMS 0x0000000083a00000, 0x0000000083a00000| Untracked 
|  59|0x0000000083b00000, 0x0000000083b00000, 0x0000000083c00000|  0%| F|  |TAMS 0x0000000083b00000, 0x0000000083b00000| Untracked 
|  60|0x0000000083c00000, 0x0000000083c00000, 0x0000000083d00000|  0%| F|  |TAMS 0x0000000083c00000, 0x0000000083c00000| Untracked 
|  61|0x0000000083d00000, 0x0000000083d00000, 0x0000000083e00000|  0%| F|  |TAMS 0x0000000083d00000, 0x0000000083d00000| Untracked 
|  62|0x0000000083e00000, 0x0000000083e00000, 0x0000000083f00000|  0%| F|  |TAMS 0x0000000083e00000, 0x0000000083e00000| Untracked 
|  63|0x0000000083f00000, 0x0000000083f00000, 0x0000000084000000|  0%| F|  |TAMS 0x0000000083f00000, 0x0000000083f00000| Untracked 
|  64|0x0000000084000000, 0x0000000084000000, 0x0000000084100000|  0%| F|  |TAMS 0x0000000084000000, 0x0000000084000000| Untracked 
|  65|0x0000000084100000, 0x0000000084100000, 0x0000000084200000|  0%| F|  |TAMS 0x0000000084100000, 0x0000000084100000| Untracked 
|  66|0x0000000084200000, 0x0000000084200000, 0x0000000084300000|  0%| F|  |TAMS 0x0000000084200000, 0x0000000084200000| Untracked 
|  67|0x0000000084300000, 0x0000000084300000, 0x0000000084400000|  0%| F|  |TAMS 0x0000000084300000, 0x0000000084300000| Untracked 
|  68|0x0000000084400000, 0x0000000084400000, 0x0000000084500000|  0%| F|  |TAMS 0x0000000084400000, 0x0000000084400000| Untracked 
|  69|0x0000000084500000, 0x0000000084500000, 0x0000000084600000|  0%| F|  |TAMS 0x0000000084500000, 0x0000000084500000| Untracked 
|  70|0x0000000084600000, 0x0000000084600000, 0x0000000084700000|  0%| F|  |TAMS 0x0000000084600000, 0x0000000084600000| Untracked 
|  71|0x0000000084700000, 0x0000000084700000, 0x0000000084800000|  0%| F|  |TAMS 0x0000000084700000, 0x0000000084700000| Untracked 
|  72|0x0000000084800000, 0x0000000084800000, 0x0000000084900000|  0%| F|  |TAMS 0x0000000084800000, 0x0000000084800000| Untracked 
|  73|0x0000000084900000, 0x0000000084900000, 0x0000000084a00000|  0%| F|  |TAMS 0x0000000084900000, 0x0000000084900000| Untracked 
|  74|0x0000000084a00000, 0x0000000084a00000, 0x0000000084b00000|  0%| F|  |TAMS 0x0000000084a00000, 0x0000000084a00000| Untracked 
|  75|0x0000000084b00000, 0x0000000084b00000, 0x0000000084c00000|  0%| F|  |TAMS 0x0000000084b00000, 0x0000000084b00000| Untracked 
|  76|0x0000000084c00000, 0x0000000084c00000, 0x0000000084d00000|  0%| F|  |TAMS 0x0000000084c00000, 0x0000000084c00000| Untracked 
|  77|0x0000000084d00000, 0x0000000084d00000, 0x0000000084e00000|  0%| F|  |TAMS 0x0000000084d00000, 0x0000000084d00000| Untracked 
|  78|0x0000000084e00000, 0x0000000084e00000, 0x0000000084f00000|  0%| F|  |TAMS 0x0000000084e00000, 0x0000000084e00000| Untracked 
|  79|0x0000000084f00000, 0x0000000084f00000, 0x0000000085000000|  0%| F|  |TAMS 0x0000000084f00000, 0x0000000084f00000| Untracked 
|  80|0x0000000085000000, 0x0000000085000000, 0x0000000085100000|  0%| F|  |TAMS 0x0000000085000000, 0x0000000085000000| Untracked 
|  81|0x0000000085100000, 0x0000000085100000, 0x0000000085200000|  0%| F|  |TAMS 0x0000000085100000, 0x0000000085100000| Untracked 
|  82|0x0000000085200000, 0x0000000085200000, 0x0000000085300000|  0%| F|  |TAMS 0x0000000085200000, 0x0000000085200000| Untracked 
|  83|0x0000000085300000, 0x0000000085300000, 0x0000000085400000|  0%| F|  |TAMS 0x0000000085300000, 0x0000000085300000| Untracked 
|  84|0x0000000085400000, 0x0000000085400000, 0x0000000085500000|  0%| F|  |TAMS 0x0000000085400000, 0x0000000085400000| Untracked 
| 230|0x000000008e600000, 0x000000008e600000, 0x000000008e700000|  0%| F|  |TAMS 0x000000008e600000, 0x000000008e600000| Untracked 
| 231|0x000000008e700000, 0x000000008e7df398, 0x000000008e800000| 87%| E|  |TAMS 0x000000008e700000, 0x000000008e700000| Complete 
| 232|0x000000008e800000, 0x000000008e900000, 0x000000008e900000|100%| E|CS|TAMS 0x000000008e800000, 0x000000008e800000| Complete 
| 233|0x000000008e900000, 0x000000008ea00000, 0x000000008ea00000|100%| E|CS|TAMS 0x000000008e900000, 0x000000008e900000| Complete 
| 234|0x000000008ea00000, 0x000000008eb00000, 0x000000008eb00000|100%| E|CS|TAMS 0x000000008ea00000, 0x000000008ea00000| Complete 
| 235|0x000000008eb00000, 0x000000008ec00000, 0x000000008ec00000|100%| E|CS|TAMS 0x000000008eb00000, 0x000000008eb00000| Complete 
| 236|0x000000008ec00000, 0x000000008ed00000, 0x000000008ed00000|100%| E|CS|TAMS 0x000000008ec00000, 0x000000008ec00000| Complete 
| 247|0x000000008f700000, 0x000000008f800000, 0x000000008f800000|100%| E|CS|TAMS 0x000000008f700000, 0x000000008f700000| Complete 

Card table byte_map: [0x00000247feb00000,0x00000247fef00000] _byte_map_base: 0x00000247fe700000

Marking Bits (Prev, Next): (CMBitMap*) 0x00000247fe17c870, (CMBitMap*) 0x00000247fe17c8b0
 Prev Bits: [0x00000247925f0000, 0x00000247945f0000)
 Next Bits: [0x00000247945f0000, 0x00000247965f0000)

Polling page: 0x00000247fc000000

Metaspace:

Usage:
  Non-class:     38.91 MB used.
      Class:      4.86 MB used.
       Both:     43.76 MB used.

Virtual space:
  Non-class space:       64.00 MB reserved,      39.19 MB ( 61%) committed,  1 nodes.
      Class space:        1.00 GB reserved,       5.06 MB ( <1%) committed,  1 nodes.
             Both:        1.06 GB reserved,      44.25 MB (  4%) committed. 

Chunk freelists:
   Non-Class:  8.38 MB
       Class:  10.75 MB
        Both:  19.13 MB

MaxMetaspaceSize: unlimited
CompressedClassSpaceSize: 1.00 GB
Initial GC threshold: 21.00 MB
Current GC threshold: 58.88 MB
CDS: off
MetaspaceReclaimPolicy: balanced
 - commit_granule_bytes: 65536.
 - commit_granule_words: 8192.
 - virtual_space_node_default_size: 8388608.
 - enlarge_chunks_in_place: 1.
 - new_chunks_are_fully_committed: 0.
 - uncommit_free_chunks: 1.
 - use_allocation_guard: 0.
 - handle_deallocations: 1.


Internal statistics:

num_allocs_failed_limit: 6.
num_arena_births: 686.
num_arena_deaths: 0.
num_vsnodes_births: 2.
num_vsnodes_deaths: 0.
num_space_committed: 708.
num_space_uncommitted: 0.
num_chunks_returned_to_freelist: 6.
num_chunks_taken_from_freelist: 1771.
num_chunk_merges: 6.
num_chunk_splits: 1204.
num_chunks_enlarged: 823.
num_inconsistent_stats: 0.

CodeHeap 'non-profiled nmethods': size=120000Kb used=2946Kb max_used=2946Kb free=117054Kb
 bounds [0x000002478b0c0000, 0x000002478b3b0000, 0x00000247925f0000]
CodeHeap 'profiled nmethods': size=120000Kb used=8570Kb max_used=8570Kb free=111429Kb
 bounds [0x00000247835f0000, 0x0000024783e50000, 0x000002478ab20000]
CodeHeap 'non-nmethods': size=5760Kb used=2319Kb max_used=2371Kb free=3440Kb
 bounds [0x000002478ab20000, 0x000002478ad90000, 0x000002478b0c0000]
 total_blobs=5403 nmethods=4569 adapters=744
 compilation: enabled
              stopped_count=0, restarted_count=0
 full_count=0

Compilation events (20 events):
Event: 9.578 Thread 0x00000247986c6b50 5298  s    3       java.lang.StringBuffer::append (13 bytes)
Event: 9.578 Thread 0x00000247986c6b50 nmethod 5298 0x0000024783e4a110 code [0x0000024783e4a2c0, 0x0000024783e4a4e8]
Event: 9.578 Thread 0x00000247986c6b50 5299       3       okhttp3.internal.Util::delimiterOffset (34 bytes)
Event: 9.578 Thread 0x00000247986c6b50 nmethod 5299 0x0000024783e4a590 code [0x0000024783e4a7e0, 0x0000024783e4b118]
Event: 9.579 Thread 0x00000247986c6b50 5300       3       okio.Buffer::completeSegmentByteCount (53 bytes)
Event: 9.579 Thread 0x00000247986c6b50 nmethod 5300 0x0000024783e4b510 code [0x0000024783e4b6c0, 0x0000024783e4b8d8]
Event: 9.587 Thread 0x00000247986c6b50 5301       1       com.google.common.collect.SingletonImmutableList::size (2 bytes)
Event: 9.587 Thread 0x00000247986c6b50 nmethod 5301 0x000002478b3a0210 code [0x000002478b3a03a0, 0x000002478b3a0478]
Event: 9.589 Thread 0x00000247986c6b50 5302       1       java.lang.StringUTF16$CodePointsSpliterator::characteristics (5 bytes)
Event: 9.589 Thread 0x00000247986c6b50 nmethod 5302 0x000002478b3a0510 code [0x000002478b3a06a0, 0x000002478b3a0778]
Event: 9.590 Thread 0x00000247986c6b50 5303       3       org.openqa.selenium.Keys::charAt (11 bytes)
Event: 9.590 Thread 0x00000247986c6b50 nmethod 5303 0x0000024783e4b990 code [0x0000024783e4bb20, 0x0000024783e4bc98]
Event: 9.592 Thread 0x00000247986c6b50 5305       3       com.google.common.collect.ImmutableMap$Builder::put (35 bytes)
Event: 9.593 Thread 0x00000247986c6b50 nmethod 5305 0x0000024783e4bd10 code [0x0000024783e4bf00, 0x0000024783e4c558]
Event: 9.593 Thread 0x00000247986c6b50 5306       3       com.google.common.collect.RegularImmutableMap::checkNoConflictInKeyBucket (85 bytes)
Event: 9.594 Thread 0x00000247986c6b50 nmethod 5306 0x0000024783e4c790 code [0x0000024783e4ca80, 0x0000024783e4d938]
Event: 9.594 Thread 0x00000247986c6b50 5307       3       org.openqa.selenium.json.JsonOutput$$Lambda$416/0x0000000100490f18::accept (12 bytes)
Event: 9.594 Thread 0x00000247986c6b50 nmethod 5307 0x0000024783e4de90 code [0x0000024783e4e040, 0x0000024783e4e268]
Event: 9.594 Thread 0x00000247986c6b50 5308   !   3       org.openqa.selenium.json.JsonOutput::lambda$new$1 (24 bytes)
Event: 9.594 Thread 0x00000247986c6b50 nmethod 5308 0x0000024783e4e310 code [0x0000024783e4e4c0, 0x0000024783e4e778]

GC Heap History (20 events):
Event: 2.066 GC heap before
{Heap before GC invocations=3 (full 0):
 garbage-first heap   total 253952K, used 32216K [0x0000000080000000, 0x0000000100000000)
  region size 1024K, 17 young (17408K), 6 survivors (6144K)
 Metaspace       used 21366K, committed 21504K, reserved 1114112K
  class space    used 2241K, committed 2304K, reserved 1048576K
}
Event: 2.069 GC heap after
{Heap after GC invocations=4 (full 0):
 garbage-first heap   total 253952K, used 22497K [0x0000000080000000, 0x0000000100000000)
  region size 1024K, 7 young (7168K), 7 survivors (7168K)
 Metaspace       used 21366K, committed 21504K, reserved 1114112K
  class space    used 2241K, committed 2304K, reserved 1048576K
}
Event: 2.282 GC heap before
{Heap before GC invocations=5 (full 0):
 garbage-first heap   total 78848K, used 59912K [0x0000000080000000, 0x0000000100000000)
  region size 1024K, 45 young (46080K), 7 survivors (7168K)
 Metaspace       used 22095K, committed 22336K, reserved 1114112K
  class space    used 2312K, committed 2432K, reserved 1048576K
}
Event: 2.288 GC heap after
{Heap after GC invocations=6 (full 0):
 garbage-first heap   total 78848K, used 22924K [0x0000000080000000, 0x0000000100000000)
  region size 1024K, 8 young (8192K), 8 survivors (8192K)
 Metaspace       used 22095K, committed 22336K, reserved 1114112K
  class space    used 2312K, committed 2432K, reserved 1048576K
}
Event: 2.751 GC heap before
{Heap before GC invocations=6 (full 0):
 garbage-first heap   total 78848K, used 54668K [0x0000000080000000, 0x0000000100000000)
  region size 1024K, 39 young (39936K), 8 survivors (8192K)
 Metaspace       used 25744K, committed 26048K, reserved 1114112K
  class space    used 2686K, committed 2816K, reserved 1048576K
}
Event: 2.761 GC heap after
{Heap after GC invocations=7 (full 0):
 garbage-first heap   total 78848K, used 25227K [0x0000000080000000, 0x0000000100000000)
  region size 1024K, 4 young (4096K), 4 survivors (4096K)
 Metaspace       used 25744K, committed 26048K, reserved 1114112K
  class space    used 2686K, committed 2816K, reserved 1048576K
}
Event: 3.482 GC heap before
{Heap before GC invocations=7 (full 0):
 garbage-first heap   total 78848K, used 56971K [0x0000000080000000, 0x0000000100000000)
  region size 1024K, 35 young (35840K), 4 survivors (4096K)
 Metaspace       used 31887K, committed 32256K, reserved 1114112K
  class space    used 3406K, committed 3584K, reserved 1048576K
}
Event: 3.490 GC heap after
{Heap after GC invocations=8 (full 0):
 garbage-first heap   total 78848K, used 28393K [0x0000000080000000, 0x0000000100000000)
  region size 1024K, 3 young (3072K), 3 survivors (3072K)
 Metaspace       used 31887K, committed 32256K, reserved 1114112K
  class space    used 3406K, committed 3584K, reserved 1048576K
}
Event: 3.621 GC heap before
{Heap before GC invocations=8 (full 0):
 garbage-first heap   total 78848K, used 60137K [0x0000000080000000, 0x0000000100000000)
  region size 1024K, 32 young (32768K), 3 survivors (3072K)
 Metaspace       used 33013K, committed 33344K, reserved 1114112K
  class space    used 3480K, committed 3648K, reserved 1048576K
}
Event: 3.627 GC heap after
{Heap after GC invocations=9 (full 0):
 garbage-first heap   total 95232K, used 29303K [0x0000000080000000, 0x0000000100000000)
  region size 1024K, 1 young (1024K), 1 survivors (1024K)
 Metaspace       used 33013K, committed 33344K, reserved 1114112K
  class space    used 3480K, committed 3648K, reserved 1048576K
}
Event: 3.905 GC heap before
{Heap before GC invocations=9 (full 0):
 garbage-first heap   total 95232K, used 71287K [0x0000000080000000, 0x0000000100000000)
  region size 1024K, 42 young (43008K), 1 survivors (1024K)
 Metaspace       used 34189K, committed 34688K, reserved 1114112K
  class space    used 3629K, committed 3840K, reserved 1048576K
}
Event: 3.908 GC heap after
{Heap after GC invocations=10 (full 0):
 garbage-first heap   total 95232K, used 29803K [0x0000000080000000, 0x0000000100000000)
  region size 1024K, 2 young (2048K), 2 survivors (2048K)
 Metaspace       used 34189K, committed 34688K, reserved 1114112K
  class space    used 3629K, committed 3840K, reserved 1048576K
}
Event: 4.191 GC heap before
{Heap before GC invocations=10 (full 0):
 garbage-first heap   total 95232K, used 72811K [0x0000000080000000, 0x0000000100000000)
  region size 1024K, 44 young (45056K), 2 survivors (2048K)
 Metaspace       used 35291K, committed 35776K, reserved 1114112K
  class space    used 3728K, committed 3968K, reserved 1048576K
}
Event: 4.195 GC heap after
{Heap after GC invocations=11 (full 0):
 garbage-first heap   total 95232K, used 31642K [0x0000000080000000, 0x0000000100000000)
  region size 1024K, 3 young (3072K), 3 survivors (3072K)
 Metaspace       used 35291K, committed 35776K, reserved 1114112K
  class space    used 3728K, committed 3968K, reserved 1048576K
}
Event: 4.283 GC heap before
{Heap before GC invocations=11 (full 0):
 garbage-first heap   total 95232K, used 67482K [0x0000000080000000, 0x0000000100000000)
  region size 1024K, 39 young (39936K), 3 survivors (3072K)
 Metaspace       used 35597K, committed 36096K, reserved 1114112K
  class space    used 3758K, committed 4032K, reserved 1048576K
}
Event: 4.288 GC heap after
{Heap after GC invocations=12 (full 0):
 garbage-first heap   total 95232K, used 33487K [0x0000000080000000, 0x0000000100000000)
  region size 1024K, 5 young (5120K), 5 survivors (5120K)
 Metaspace       used 35597K, committed 36096K, reserved 1114112K
  class space    used 3758K, committed 4032K, reserved 1048576K
}
Event: 5.568 GC heap before
{Heap before GC invocations=13 (full 0):
 garbage-first heap   total 95232K, used 75471K [0x0000000080000000, 0x0000000100000000)
  region size 1024K, 46 young (47104K), 5 survivors (5120K)
 Metaspace       used 41618K, committed 42176K, reserved 1114112K
  class space    used 4577K, committed 4864K, reserved 1048576K
}
Event: 5.576 GC heap after
{Heap after GC invocations=14 (full 0):
 garbage-first heap   total 95232K, used 37079K [0x0000000080000000, 0x0000000100000000)
  region size 1024K, 6 young (6144K), 6 survivors (6144K)
 Metaspace       used 41618K, committed 42176K, reserved 1114112K
  class space    used 4577K, committed 4864K, reserved 1048576K
}
Event: 9.411 GC heap before
{Heap before GC invocations=14 (full 0):
 garbage-first heap   total 95232K, used 73943K [0x0000000080000000, 0x0000000100000000)
  region size 1024K, 43 young (44032K), 6 survivors (6144K)
 Metaspace       used 44457K, committed 44992K, reserved 1114112K
  class space    used 4928K, committed 5184K, reserved 1048576K
}
Event: 9.419 GC heap after
{Heap after GC invocations=15 (full 0):
 garbage-first heap   total 95232K, used 38912K [0x0000000080000000, 0x0000000100000000)
  region size 1024K, 2 young (2048K), 2 survivors (2048K)
 Metaspace       used 44457K, committed 44992K, reserved 1114112K
  class space    used 4928K, committed 5184K, reserved 1048576K
}

Dll operation events (7 events):
Event: 0.023 Loaded shared library C:\Users\mhifn\.katalon\packages\KS-9.7.3\jre\bin\java.dll
Event: 0.260 Loaded shared library C:\Users\mhifn\.katalon\packages\KS-9.7.3\jre\bin\net.dll
Event: 0.263 Loaded shared library C:\Users\mhifn\.katalon\packages\KS-9.7.3\jre\bin\nio.dll
Event: 0.273 Loaded shared library C:\Users\mhifn\.katalon\packages\KS-9.7.3\jre\bin\zip.dll
Event: 0.810 Loaded shared library C:\Users\mhifn\.katalon\packages\KS-9.7.3\jre\bin\verify.dll
Event: 0.998 Loaded shared library C:\Users\mhifn\.katalon\packages\KS-9.7.3\jre\bin\jimage.dll
Event: 4.853 Loaded shared library C:\Users\mhifn\.katalon\packages\KS-9.7.3\jre\bin\sunmscapi.dll

Deoptimization events (20 events):
Event: 9.399 Thread 0x00000247fe11af40 Uncommon trap: trap_request=0xffffffc6 fr.pc=0x000002478b202990 relative=0x0000000000000290
Event: 9.399 Thread 0x00000247fe11af40 Uncommon trap: reason=bimorphic_or_optimized_type_check action=maybe_recompile pc=0x000002478b202990 method=groovyjarjarantlr4.v4.runtime.atn.ATNConfig.equals(Lgroovyjarjarantlr4/v4/runtime/atn/ATNConfig;)Z @ 67 c2
Event: 9.399 Thread 0x00000247fe11af40 DEOPT PACKING pc=0x000002478b202990 sp=0x000000d55d7fb470
Event: 9.399 Thread 0x00000247fe11af40 DEOPT UNPACKING pc=0x000002478ab769a3 sp=0x000000d55d7fb3a8 mode 2
Event: 9.399 Thread 0x00000247fe11af40 Uncommon trap: trap_request=0xffffffc6 fr.pc=0x000002478b202990 relative=0x0000000000000290
Event: 9.399 Thread 0x00000247fe11af40 Uncommon trap: reason=bimorphic_or_optimized_type_check action=maybe_recompile pc=0x000002478b202990 method=groovyjarjarantlr4.v4.runtime.atn.ATNConfig.equals(Lgroovyjarjarantlr4/v4/runtime/atn/ATNConfig;)Z @ 67 c2
Event: 9.399 Thread 0x00000247fe11af40 DEOPT PACKING pc=0x000002478b202990 sp=0x000000d55d7fb470
Event: 9.399 Thread 0x00000247fe11af40 DEOPT UNPACKING pc=0x000002478ab769a3 sp=0x000000d55d7fb3a8 mode 2
Event: 9.399 Thread 0x00000247fe11af40 Uncommon trap: trap_request=0xffffffc6 fr.pc=0x000002478b202990 relative=0x0000000000000290
Event: 9.399 Thread 0x00000247fe11af40 Uncommon trap: reason=bimorphic_or_optimized_type_check action=maybe_recompile pc=0x000002478b202990 method=groovyjarjarantlr4.v4.runtime.atn.ATNConfig.equals(Lgroovyjarjarantlr4/v4/runtime/atn/ATNConfig;)Z @ 67 c2
Event: 9.399 Thread 0x00000247fe11af40 DEOPT PACKING pc=0x000002478b202990 sp=0x000000d55d7fb470
Event: 9.399 Thread 0x00000247fe11af40 DEOPT UNPACKING pc=0x000002478ab769a3 sp=0x000000d55d7fb3a8 mode 2
Event: 9.399 Thread 0x00000247fe11af40 Uncommon trap: trap_request=0xffffffc6 fr.pc=0x000002478b2036b4 relative=0x00000000000002b4
Event: 9.399 Thread 0x00000247fe11af40 Uncommon trap: reason=bimorphic_or_optimized_type_check action=maybe_recompile pc=0x000002478b2036b4 method=groovyjarjarantlr4.v4.runtime.atn.ATNConfig.equals(Lgroovyjarjarantlr4/v4/runtime/atn/ATNConfig;)Z @ 67 c2
Event: 9.399 Thread 0x00000247fe11af40 DEOPT PACKING pc=0x000002478b2036b4 sp=0x000000d55d7fb3e0
Event: 9.399 Thread 0x00000247fe11af40 DEOPT UNPACKING pc=0x000002478ab769a3 sp=0x000000d55d7fb390 mode 2
Event: 9.479 Thread 0x00000247fe11af40 Uncommon trap: trap_request=0xffffff45 fr.pc=0x000002478b0f5414 relative=0x0000000000000454
Event: 9.479 Thread 0x00000247fe11af40 Uncommon trap: reason=unstable_if action=reinterpret pc=0x000002478b0f5414 method=java.util.StringJoiner.add(Ljava/lang/CharSequence;)Ljava/util/StringJoiner; @ 33 c2
Event: 9.479 Thread 0x00000247fe11af40 DEOPT PACKING pc=0x000002478b0f5414 sp=0x000000d55d7fa2e0
Event: 9.479 Thread 0x00000247fe11af40 DEOPT UNPACKING pc=0x000002478ab769a3 sp=0x000000d55d7fa290 mode 2

Classes unloaded (0 events):
No events

Classes redefined (0 events):
No events

Internal exceptions (20 events):
Event: 7.112 Thread 0x00000247fe11af40 Exception <a 'java/lang/ClassNotFoundException'{0x0000000084165298}: Script9Customizer> (0x0000000084165298) 
thrown [s\src\hotspot\share\classfile\systemDictionary.cpp, line 256]
Event: 7.128 Thread 0x00000247fe11af40 Exception <a 'java/lang/ClassNotFoundException'{0x0000000084032930}: Script10BeanInfo> (0x0000000084032930) 
thrown [s\src\hotspot\share\classfile\systemDictionary.cpp, line 256]
Event: 7.132 Thread 0x00000247fe11af40 Exception <a 'java/lang/ClassNotFoundException'{0x0000000084061e28}: Script10Customizer> (0x0000000084061e28) 
thrown [s\src\hotspot\share\classfile\systemDictionary.cpp, line 256]
Event: 7.145 Thread 0x00000247fe11af40 Exception <a 'java/lang/ClassNotFoundException'{0x0000000083f0c3f8}: Script11BeanInfo> (0x0000000083f0c3f8) 
thrown [s\src\hotspot\share\classfile\systemDictionary.cpp, line 256]
Event: 7.150 Thread 0x00000247fe11af40 Exception <a 'java/lang/ClassNotFoundException'{0x0000000083f3b8f0}: Script11Customizer> (0x0000000083f3b8f0) 
thrown [s\src\hotspot\share\classfile\systemDictionary.cpp, line 256]
Event: 7.163 Thread 0x00000247fe11af40 Exception <a 'java/lang/ClassNotFoundException'{0x0000000083ff0840}: Script12BeanInfo> (0x0000000083ff0840) 
thrown [s\src\hotspot\share\classfile\systemDictionary.cpp, line 256]
Event: 7.165 Thread 0x00000247fe11af40 Exception <a 'java/lang/ClassNotFoundException'{0x0000000083e20238}: Script12Customizer> (0x0000000083e20238) 
thrown [s\src\hotspot\share\classfile\systemDictionary.cpp, line 256]
Event: 7.185 Thread 0x00000247fe11af40 Exception <a 'java/lang/ClassNotFoundException'{0x0000000083d79c78}: com/kms/katalon/core/webui/keyword/builtin/NavigateToUrlKeywordBeanInfo> (0x0000000083d79c78) 
thrown [s\src\hotspot\share\classfile\systemDictionary.cpp, line 256]
Event: 7.186 Thread 0x00000247fe11af40 Exception <a 'java/lang/ClassNotFoundException'{0x0000000083da3390}: com/kms/katalon/core/webui/keyword/builtin/NavigateToUrlKeywordCustomizer> (0x0000000083da3390) 
thrown [s\src\hotspot\share\classfile\systemDictionary.cpp, line 256]
Event: 9.281 Thread 0x00000247fe11af40 Exception <a 'java/lang/ClassNotFoundException'{0x0000000083b9a108}: com/kms/katalon/core/webui/keyword/builtin/MaximizeWindowKeywordBeanInfo> (0x0000000083b9a108) 
thrown [s\src\hotspot\share\classfile\systemDictionary.cpp, line 256]
Event: 9.283 Thread 0x00000247fe11af40 Exception <a 'java/lang/ClassNotFoundException'{0x0000000083bc3928}: com/kms/katalon/core/webui/keyword/builtin/MaximizeWindowKeywordCustomizer> (0x0000000083bc3928) 
thrown [s\src\hotspot\share\classfile\systemDictionary.cpp, line 256]
Event: 9.380 Thread 0x00000247fe11af40 Exception <a 'java/lang/ClassNotFoundException'{0x00000000839415b8}: com/kms/katalon/core/testobject/ObjectRepositoryBeanInfo> (0x00000000839415b8) 
thrown [s\src\hotspot\share\classfile\systemDictionary.cpp, line 256]
Event: 9.383 Thread 0x00000247fe11af40 Exception <a 'java/lang/ClassNotFoundException'{0x0000000083967fd8}: com/kms/katalon/core/testobject/ObjectRepositoryCustomizer> (0x0000000083967fd8) 
thrown [s\src\hotspot\share\classfile\systemDictionary.cpp, line 256]
Event: 9.428 Thread 0x00000247fe11af40 Exception <a 'java/lang/ClassNotFoundException'{0x000000008f77d3b8}: Script1BeanInfo> (0x000000008f77d3b8) 
thrown [s\src\hotspot\share\classfile\systemDictionary.cpp, line 256]
Event: 9.429 Thread 0x00000247fe11af40 Exception <a 'java/lang/ClassNotFoundException'{0x000000008f7a4208}: Script1Customizer> (0x000000008f7a4208) 
thrown [s\src\hotspot\share\classfile\systemDictionary.cpp, line 256]
Event: 9.447 Thread 0x00000247fe11af40 Exception <a 'java/lang/ClassNotFoundException'{0x000000008eb0e018}: com/kms/katalon/core/webui/keyword/builtin/SetTextKeywordBeanInfo> (0x000000008eb0e018) 
thrown [s\src\hotspot\share\classfile\systemDictionary.cpp, line 256]
Event: 9.449 Thread 0x00000247fe11af40 Exception <a 'java/lang/ClassNotFoundException'{0x000000008eb364c8}: com/kms/katalon/core/webui/keyword/builtin/SetTextKeywordCustomizer> (0x000000008eb364c8) 
thrown [s\src\hotspot\share\classfile\systemDictionary.cpp, line 256]
Event: 9.478 Thread 0x00000247fe11af40 Exception <a 'java/lang/ClassNotFoundException'{0x000000008ea76e08}: sun/misc/SharedSecrets> (0x000000008ea76e08) 
thrown [s\src\hotspot\share\classfile\systemDictionary.cpp, line 256]
Event: 9.480 Thread 0x00000247fe11af40 Exception <a 'java/lang/reflect/InvocationTargetException'{0x000000008ea9ee38}> (0x000000008ea9ee38) 
thrown [s\src\hotspot\share\runtime\reflection.cpp, line 1121]
Event: 9.561 Thread 0x00000247fe11af40 Exception <a 'java/lang/reflect/InvocationTargetException'{0x000000008e9b2548}> (0x000000008e9b2548) 
thrown [s\src\hotspot\share\runtime\reflection.cpp, line 1121]

VM Operations (20 events):
Event: 5.568 Executing VM operation: G1CollectForAllocation
Event: 5.576 Executing VM operation: G1CollectForAllocation done
Event: 6.587 Executing VM operation: Cleanup
Event: 6.587 Executing VM operation: Cleanup done
Event: 6.759 Executing VM operation: HandshakeAllThreads
Event: 6.759 Executing VM operation: HandshakeAllThreads done
Event: 6.902 Executing VM operation: HandshakeAllThreads
Event: 6.902 Executing VM operation: HandshakeAllThreads done
Event: 7.078 Executing VM operation: ICBufferFull
Event: 7.078 Executing VM operation: ICBufferFull done
Event: 8.086 Executing VM operation: Cleanup
Event: 8.086 Executing VM operation: Cleanup done
Event: 9.392 Executing VM operation: HandshakeAllThreads
Event: 9.393 Executing VM operation: HandshakeAllThreads done
Event: 9.393 Executing VM operation: Cleanup
Event: 9.393 Executing VM operation: Cleanup done
Event: 9.411 Executing VM operation: G1CollectForAllocation
Event: 9.419 Executing VM operation: G1CollectForAllocation done
Event: 10.434 Executing VM operation: Cleanup
Event: 10.434 Executing VM operation: Cleanup done

Events (20 events):
Event: 7.195 loading class sun/net/www/protocol/https/Handler done
Event: 9.266 Thread 0x000002479ff6d850 Thread exited: 0x000002479ff6d850
Event: 9.368 Thread 0x00000247a01c7e20 Thread added: 0x00000247a01c7e20
Event: 9.469 loading class java/util/stream/SortedOps
Event: 9.469 loading class java/util/stream/SortedOps done
Event: 9.469 loading class java/util/stream/SortedOps$OfRef
Event: 9.470 loading class java/util/stream/SortedOps$OfRef done
Event: 9.470 loading class java/util/stream/SortedOps$RefSortingSink
Event: 9.470 loading class java/util/stream/SortedOps$AbstractRefSortingSink
Event: 9.470 loading class java/util/stream/SortedOps$AbstractRefSortingSink done
Event: 9.470 loading class java/util/stream/SortedOps$RefSortingSink done
Event: 9.476 loading class java/net/InetAddress$CachedLocalHost
Event: 9.476 loading class java/net/InetAddress$CachedLocalHost done
Event: 9.478 loading class sun/misc/SharedSecrets
Event: 9.478 loading class sun/misc/SharedSecrets done
Event: 9.479 loading class java/util/stream/SortedOps$SizedRefSortingSink
Event: 9.479 loading class java/util/stream/SortedOps$SizedRefSortingSink done
Event: 9.589 loading class java/lang/StringUTF16$CodePointsSpliterator
Event: 9.589 loading class java/lang/StringUTF16$CodePointsSpliterator done
Event: 10.603 Thread 0x000002479fe923a0 Thread exited: 0x000002479fe923a0


Dynamic libraries:
0x00007ff7dd800000 - 0x00007ff7dd80e000 	C:\Users\mhifn\.katalon\packages\KS-9.7.3\jre\bin\javaw.exe
0x00007ffa8fb80000 - 0x00007ffa8fde5000 	C:\WINDOWS\SYSTEM32\ntdll.dll
0x00007ffa8e510000 - 0x00007ffa8e5d9000 	C:\WINDOWS\System32\KERNEL32.DLL
0x00007ffa8ce20000 - 0x00007ffa8d208000 	C:\WINDOWS\System32\KERNELBASE.dll
0x00007ffa8ccd0000 - 0x00007ffa8ce1b000 	C:\WINDOWS\System32\ucrtbase.dll
0x00007ffa6dfe0000 - 0x00007ffa6dff9000 	C:\Users\mhifn\.katalon\packages\KS-9.7.3\jre\bin\VCRUNTIME140.dll
0x00007ffa6df50000 - 0x00007ffa6df67000 	C:\Users\mhifn\.katalon\packages\KS-9.7.3\jre\bin\jli.dll
0x00007ffa8e750000 - 0x00007ffa8e91a000 	C:\WINDOWS\System32\USER32.dll
0x00007ffa8d4e0000 - 0x00007ffa8d507000 	C:\WINDOWS\System32\win32u.dll
0x00007ffa7a2e0000 - 0x00007ffa7a57a000 	C:\WINDOWS\WinSxS\amd64_microsoft.windows.common-controls_6595b64144ccf1df_6.0.26100.4202_none_3e0698d4e335f517\COMCTL32.dll
0x00007ffa8dcd0000 - 0x00007ffa8dd79000 	C:\WINDOWS\System32\msvcrt.dll
0x00007ffa8e400000 - 0x00007ffa8e42b000 	C:\WINDOWS\System32\GDI32.dll
0x00007ffa8d740000 - 0x00007ffa8d877000 	C:\WINDOWS\System32\gdi32full.dll
0x00007ffa8d510000 - 0x00007ffa8d5b3000 	C:\WINDOWS\System32\msvcp_win.dll
0x00007ffa8e5e0000 - 0x00007ffa8e610000 	C:\WINDOWS\System32\IMM32.DLL
0x00007ffa6f510000 - 0x00007ffa6f51c000 	C:\Users\mhifn\.katalon\packages\KS-9.7.3\jre\bin\vcruntime140_1.dll
0x00007ffa40a70000 - 0x00007ffa40b01000 	C:\Users\mhifn\.katalon\packages\KS-9.7.3\jre\bin\msvcp140.dll
0x00007ff9fc680000 - 0x00007ff9fd2c8000 	C:\Users\mhifn\.katalon\packages\KS-9.7.3\jre\bin\server\jvm.dll
0x00007ffa8e450000 - 0x00007ffa8e503000 	C:\WINDOWS\System32\ADVAPI32.dll
0x00007ffa8f2f0000 - 0x00007ffa8f396000 	C:\WINDOWS\System32\sechost.dll
0x00007ffa8e630000 - 0x00007ffa8e745000 	C:\WINDOWS\System32\RPCRT4.dll
0x00007ffa85670000 - 0x00007ffa856a5000 	C:\WINDOWS\SYSTEM32\WINMM.dll
0x00007ffa856b0000 - 0x00007ffa856bb000 	C:\WINDOWS\SYSTEM32\VERSION.dll
0x00007ffa7da50000 - 0x00007ffa7da5a000 	C:\WINDOWS\SYSTEM32\WSOCK32.dll
0x00007ffa8dd80000 - 0x00007ffa8ddf4000 	C:\WINDOWS\System32\WS2_32.dll
0x00007ffa8ba50000 - 0x00007ffa8ba6b000 	C:\WINDOWS\SYSTEM32\kernel.appcore.dll
0x00007ffa6fa30000 - 0x00007ffa6fa3a000 	C:\Users\mhifn\.katalon\packages\KS-9.7.3\jre\bin\jimage.dll
0x00007ffa82870000 - 0x00007ffa82ab1000 	C:\WINDOWS\SYSTEM32\DBGHELP.DLL
0x00007ffa8df80000 - 0x00007ffa8e305000 	C:\WINDOWS\System32\combase.dll
0x00007ffa8f200000 - 0x00007ffa8f2e1000 	C:\WINDOWS\System32\OLEAUT32.dll
0x00007ffa7a2a0000 - 0x00007ffa7a2d9000 	C:\WINDOWS\SYSTEM32\dbgcore.DLL
0x00007ffa8d880000 - 0x00007ffa8d919000 	C:\WINDOWS\System32\bcryptPrimitives.dll
0x00007ffa6f7d0000 - 0x00007ffa6f7f5000 	C:\Users\mhifn\.katalon\packages\KS-9.7.3\jre\bin\java.dll
0x00007ffa6f730000 - 0x00007ffa6f748000 	C:\Users\mhifn\.katalon\packages\KS-9.7.3\jre\bin\zip.dll
0x00007ffa8f3f0000 - 0x00007ffa8fb32000 	C:\WINDOWS\System32\SHELL32.dll
0x00007ffa8d5c0000 - 0x00007ffa8d734000 	C:\WINDOWS\System32\wintypes.dll
0x00007ffa8a910000 - 0x00007ffa8b168000 	C:\WINDOWS\SYSTEM32\windows.storage.dll
0x00007ffa8f100000 - 0x00007ffa8f1f1000 	C:\WINDOWS\System32\SHCORE.dll
0x00007ffa8ebd0000 - 0x00007ffa8ec3a000 	C:\WINDOWS\System32\shlwapi.dll
0x00007ffa8cbe0000 - 0x00007ffa8cc0f000 	C:\WINDOWS\SYSTEM32\profapi.dll
0x00007ffa6e720000 - 0x00007ffa6e739000 	C:\Users\mhifn\.katalon\packages\KS-9.7.3\jre\bin\net.dll
0x00007ffa85bf0000 - 0x00007ffa85d0e000 	C:\WINDOWS\SYSTEM32\WINHTTP.dll
0x00007ffa8bfa0000 - 0x00007ffa8c00a000 	C:\WINDOWS\system32\mswsock.dll
0x00007ffa6e6b0000 - 0x00007ffa6e6c5000 	C:\Users\mhifn\.katalon\packages\KS-9.7.3\jre\bin\nio.dll
0x00007ffa6f920000 - 0x00007ffa6f930000 	C:\Users\mhifn\.katalon\packages\KS-9.7.3\jre\bin\verify.dll
0x00007ffa8b4a0000 - 0x00007ffa8b5c7000 	C:\WINDOWS\SYSTEM32\DNSAPI.dll
0x00007ffa8b460000 - 0x00007ffa8b493000 	C:\WINDOWS\SYSTEM32\IPHLPAPI.DLL
0x00007ffa8ebc0000 - 0x00007ffa8ebca000 	C:\WINDOWS\System32\NSI.dll
0x00007ffa826a0000 - 0x00007ffa826ab000 	C:\Windows\System32\rasadhlp.dll
0x00007ffa83560000 - 0x00007ffa835e6000 	C:\WINDOWS\System32\fwpuclnt.dll
0x00007ffa6f720000 - 0x00007ffa6f72e000 	C:\Users\mhifn\.katalon\packages\KS-9.7.3\jre\bin\sunmscapi.dll
0x00007ffa8d210000 - 0x00007ffa8d387000 	C:\WINDOWS\System32\CRYPT32.dll
0x00007ffa8c4d0000 - 0x00007ffa8c500000 	C:\WINDOWS\SYSTEM32\ncrypt.dll
0x00007ffa8c480000 - 0x00007ffa8c4bf000 	C:\WINDOWS\SYSTEM32\NTASN1.dll
0x00007ffa8c380000 - 0x00007ffa8c39b000 	C:\WINDOWS\SYSTEM32\CRYPTSP.dll
0x00007ffa8b9b0000 - 0x00007ffa8b9ea000 	C:\WINDOWS\system32\rsaenh.dll
0x00007ffa8c040000 - 0x00007ffa8c06b000 	C:\WINDOWS\SYSTEM32\USERENV.dll
0x00007ffa8cbb0000 - 0x00007ffa8cbd6000 	C:\WINDOWS\SYSTEM32\bcrypt.dll
0x00007ffa8c1e0000 - 0x00007ffa8c1ec000 	C:\WINDOWS\SYSTEM32\CRYPTBASE.dll
0x00007ffa85ba0000 - 0x00007ffa85bbf000 	C:\WINDOWS\SYSTEM32\dhcpcsvc6.DLL
0x00007ffa85b70000 - 0x00007ffa85b95000 	C:\WINDOWS\SYSTEM32\dhcpcsvc.DLL
0x00007ffa1dd50000 - 0x00007ffa1dd68000 	C:\WINDOWS\system32\napinsp.dll
0x00007ffa25a30000 - 0x00007ffa25a42000 	C:\WINDOWS\System32\winrnr.dll
0x00007ffa61010000 - 0x00007ffa61040000 	C:\WINDOWS\system32\nlansp_c.dll
0x00007ffa71090000 - 0x00007ffa710b0000 	C:\WINDOWS\system32\wshbth.dll

dbghelp: loaded successfully - version: 4.0.5 - missing functions: none
symbol engine: initialized successfully - sym options: 0x614 - pdb path: .;C:\Users\mhifn\.katalon\packages\KS-9.7.3\jre\bin;C:\WINDOWS\SYSTEM32;C:\WINDOWS\WinSxS\amd64_microsoft.windows.common-controls_6595b64144ccf1df_6.0.26100.4202_none_3e0698d4e335f517;C:\Users\mhifn\.katalon\packages\KS-9.7.3\jre\bin\server

VM Arguments:
jvm_args: -Dgroovy.home=C:\Users\mhifn/.groovy -Djava.system.class.loader=groovy.lang.GroovyClassLoader -Xmx2048m -Dfile.encoding=UTF-8 -XX:+ShowCodeDetailsInExceptionMessages 
java_command: org.codehaus.groovy.tools.GroovyStarter --classpath E:\SEVA\seva-web-automation\bin\keyword;E:\SEVA\seva-web-automation\Keywords;E:\SEVA\seva-web-automation\bin\listener;E:\SEVA\seva-web-automation\Test Listeners;E:\SEVA\seva-web-automation\bin\lib;E:\SEVA\seva-web-automation\Libs;E:\SEVA\seva-web-automation\bin\groovy;E:\SEVA\seva-web-automation\Include\scripts\groovy;C:\Users\mhifn\.katalon\packages\KS-9.7.3\plugins\com.kms.katalon.core_1.0.0.202411031505.jar;C:\Users\mhifn\.katalon\packages\KS-9.7.3\configuration\resources\lib\aalto-xml-1.0.0.jar;C:\Users\mhifn\.katalon\packages\KS-9.7.3\configuration\resources\lib\aspectjweaver-1.9.1.jar;C:\Users\mhifn\.katalon\packages\KS-9.7.3\configuration\resources\lib\aws-2.20.3-fat.jar;C:\Users\mhifn\.katalon\packages\KS-9.7.3\configuration\resources\lib\bcpkix-jdk15on-1.64.jar;C:\Users\mhifn\.katalon\packages\KS-9.7.3\configuration\resources\lib\bcprov-jdk15on-1.64.jar;C:\Users\mhifn\.katalon\packages\KS-9.7.3\configuration\resources\lib\browsermob-core-2.1.5.jar;C:\Users\mhifn\.katalon\packages\KS-9.7.3\configuration\resources\lib\byte-buddy-1.14.3.jar;C:\Users\mhifn\.katalon\packages\KS-9.7.3\configuration\resources\lib\byte-buddy-agent-1.14.3.jar;C:\Users\mhifn\.katalon\packages\KS-9.7.3\configuration\resources\lib\cglib-3.2.10.jar;C:\Users\mhifn\.katalon\packages\KS-9.7.3\configuration\resources\lib\commons-codec-1.10.jar;C:\Users\mhifn\.katalon\packages\KS-9.7.3\configuration\resources\lib\commons-collections4-4.1.jar;C:\Users\mhifn\.katalon\packages\KS-9.7.3\configuration\resources\lib\commons-validator-1.6.jar;C:\Users\mhifn\.katalon\packages\KS-9.7.3\configuration\resources\lib\curvesapi-1.04.jar;C:\Users\mhifn\.katalon\packages\KS-9.7.3\configuration\resources\lib\dnsjava-3.6.2.jar;C:\Users\mhifn\.katalon\packages\KS-9.7.3\configuration\resources\lib\groovy-3.0.17-fat.jar;C:\Users\mhifn\.katalon\packages\KS-9.7.3\configuration\resources\lib\jackson-coreutils-2.0.jar;C:\Users\mhifn\.katalon\package
java_class_path (initial): E:\SEVA\seva-web-automation\bin\keyword;E:\SEVA\seva-web-automation\bin\listener;E:\SEVA\seva-web-automation\bin\lib;E:\SEVA\seva-web-automation\bin\groovy;E:\SEVA\seva-web-automation\bin;C:\Users\mhifn\.katalon\packages\KS-9.7.3\plugins\com.kms.katalon.core_1.0.0.202411031505.jar;C:\Users\mhifn\.katalon\packages\KS-9.7.3\configuration\resources\lib\aalto-xml-1.0.0.jar;C:\Users\mhifn\.katalon\packages\KS-9.7.3\configuration\resources\lib\aspectjweaver-1.9.1.jar;C:\Users\mhifn\.katalon\packages\KS-9.7.3\configuration\resources\lib\aws-2.20.3-fat.jar;C:\Users\mhifn\.katalon\packages\KS-9.7.3\configuration\resources\lib\bcpkix-jdk15on-1.64.jar;C:\Users\mhifn\.katalon\packages\KS-9.7.3\configuration\resources\lib\bcprov-jdk15on-1.64.jar;C:\Users\mhifn\.katalon\packages\KS-9.7.3\configuration\resources\lib\browsermob-core-2.1.5.jar;C:\Users\mhifn\.katalon\packages\KS-9.7.3\configuration\resources\lib\byte-buddy-1.14.3.jar;C:\Users\mhifn\.katalon\packages\KS-9.7.3\configuration\resources\lib\byte-buddy-agent-1.14.3.jar;C:\Users\mhifn\.katalon\packages\KS-9.7.3\configuration\resources\lib\cglib-3.2.10.jar;C:\Users\mhifn\.katalon\packages\KS-9.7.3\configuration\resources\lib\commons-codec-1.10.jar;C:\Users\mhifn\.katalon\packages\KS-9.7.3\configuration\resources\lib\commons-collections4-4.1.jar;C:\Users\mhifn\.katalon\packages\KS-9.7.3\configuration\resources\lib\commons-validator-1.6.jar;C:\Users\mhifn\.katalon\packages\KS-9.7.3\configuration\resources\lib\curvesapi-1.04.jar;C:\Users\mhifn\.katalon\packages\KS-9.7.3\configuration\resources\lib\dnsjava-3.6.2.jar;C:\Users\mhifn\.katalon\packages\KS-9.7.3\configuration\resources\lib\groovy-3.0.17-fat.jar;C:\Users\mhifn\.katalon\packages\KS-9.7.3\configuration\resources\lib\jackson-coreutils-2.0.jar;C:\Users\mhifn\.katalon\packages\KS-9.7.3\configuration\resources\lib\jackson-coreutils-equivalence-1.0.jar;C:\Users\mhifn\.katalon\packages\KS-9.7.3\configuration\resources\lib\java-client-7.0.0.jar;C:
Launcher Type: SUN_STANDARD

[Global flags]
     intx CICompilerCount                          = 4                                         {product} {ergonomic}
     uint ConcGCThreads                            = 3                                         {product} {ergonomic}
     uint G1ConcRefinementThreads                  = 10                                        {product} {ergonomic}
   size_t G1HeapRegionSize                         = 1048576                                   {product} {ergonomic}
    uintx GCDrainStackTargetSize                   = 64                                        {product} {ergonomic}
   size_t InitialHeapSize                          = 260046848                                 {product} {ergonomic}
   size_t MarkStackSize                            = 4194304                                   {product} {ergonomic}
   size_t MaxHeapSize                              = 2147483648                                {product} {command line}
   size_t MaxNewSize                               = 1287651328                                {product} {ergonomic}
   size_t MinHeapDeltaBytes                        = 1048576                                   {product} {ergonomic}
   size_t MinHeapSize                              = 8388608                                   {product} {ergonomic}
    uintx NonNMethodCodeHeapSize                   = 5839372                                {pd product} {ergonomic}
    uintx NonProfiledCodeHeapSize                  = 122909434                              {pd product} {ergonomic}
    uintx ProfiledCodeHeapSize                     = 122909434                              {pd product} {ergonomic}
    uintx ReservedCodeCacheSize                    = 251658240                              {pd product} {ergonomic}
     bool SegmentedCodeCache                       = true                                      {product} {ergonomic}
     bool ShowCodeDetailsInExceptionMessages       = true                                   {manageable} {command line}
   size_t SoftMaxHeapSize                          = 2147483648                             {manageable} {ergonomic}
     bool UseCompressedClassPointers               = true                           {product lp64_product} {ergonomic}
     bool UseCompressedOops                        = true                           {product lp64_product} {ergonomic}
     bool UseG1GC                                  = true                                      {product} {ergonomic}
     bool UseLargePagesIndividualAllocation        = false                                  {pd product} {ergonomic}

Logging:
Log output configuration:
 #0: stdout all=warning uptime,level,tags
 #1: stderr all=off uptime,level,tags

Environment Variables:
PATH=C:/Users/mhifn/.katalon/packages/KS-9.7.3/jre/bin/server;C:/Users/mhifn/.katalon/packages/KS-9.7.3/jre/bin;C:\WINDOWS\system32;C:\WINDOWS;C:\WINDOWS\System32\Wbem;C:\WINDOWS\System32\WindowsPowerShell\v1.0\;C:\WINDOWS\System32\OpenSSH\;c:\Users\mhifn\AppData\Local\Programs\cursor\resources\app\bin;C:\Program Files\Git\cmd;C:\Users\mhifn\AppData\Roaming\nvm;C:\Program Files\nodejs;E:\SEVA;C:\Program Files (x86)\ZeroTier\One\;C:\Program Files\PostgreSQL\16\bin;C:\Program Files\Cloudflare\Cloudflare WARP\;c:\Users\mhifn\AppData\Local\Programs\Trae\bin;C:\Users\mhifn\scoop\shims;C:\Users\mhifn\AppData\Local\Programs\Python\Python312\Scripts\;C:\Users\mhifn\AppData\Local\Programs\Python\Python312\;C:\Users\mhifn\AppData\Local\Microsoft\WindowsApps;C:\Users\mhifn\AppData\Local\Google\Cloud SDK\google-cloud-sdk\bin;C:\Users\mhifn\AppData\Roaming\nvm;C:\Program Files\nodejs;C:\Users\mhifn\AppData\Local\Programs\Microsoft VS Code\bin;C:\Users\mhifn\AppData\Local\Programs\Windsurf\bin;C:\Users\mhifn\AppData\Local\Programs\cursor\resources\app\bin;C:\Program Files\JetBrains\WebStorm 2025.1.1\bin;;C:\Users\mhifn\.katalon\packages\KS-9.7.3;
USERNAME=mhifn
OS=Windows_NT
PROCESSOR_IDENTIFIER=AMD64 Family 23 Model 104 Stepping 1, AuthenticAMD
TMP=C:\Users\mhifn\AppData\Local\Temp
TEMP=C:\Users\mhifn\AppData\Local\Temp



---------------  S Y S T E M  ---------------

OS:
 Windows 11 , 64 bit Build 26100 (10.0.26100.4202)
OS uptime: 7 days 19:31 hours
Hyper-V role detected

CPU: total 12 (initial active 12) (12 cores per cpu, 2 threads per core) family 23 model 104 stepping 1 microcode 0x8608103, cx8, cmov, fxsr, ht, mmx, 3dnowpref, sse, sse2, sse3, ssse3, sse4a, sse4.1, sse4.2, popcnt, lzcnt, tsc, tscinvbit, avx, avx2, aes, clmul, bmi1, bmi2, adx, sha, fma, vzeroupper, clflush, clflushopt, hv

Memory: 4k page, system-wide physical 15755M (590M free)
TotalPageFile size 39295M (AvailPageFile size 8M)
current process WorkingSet (physical memory assigned to process): 259M, peak: 259M
current process commit charge ("private bytes"): 295M, peak: 384M

vm_info: OpenJDK 64-Bit Server VM (17.0.7+7) for windows-amd64 JRE (17.0.7+7), built on Apr 18 2023 22:10:42 by "temurin" with MS VC++ 16.7 (VS2019)

END.
